
SensorMesh.elf:     file format elf32-littletc32
SensorMesh.elf
architecture: tc32, flags 0x00000112:
EXEC_P, HAS_SYMS, D_PAGED
start address 0x00000000

Program Header:
    LOAD off    0x00008000 vaddr 0x00000000 paddr 0x00000000 align 2**15
         filesz 0x0000100c memsz 0x0000100c flags r-x
    LOAD off    0x00010b00 vaddr 0x00808b00 paddr 0x00808b00 align 2**15
         filesz 0x00000000 memsz 0x00000234 flags rw-
private flags = 0: [APCS-32] [FPA float format]

Sections:
Idx Name          Size      VMA       LMA       File off  Algn
  0 .vectors      00000100  00000000  00000000  00008000  2**4
                  CONTENTS, ALLOC, LOAD, READONLY, CODE
  1 .ram_code     00000078  00000100  00000100  00008100  2**2
                  CONTENTS, ALLOC, LOAD, READONLY, CODE
  2 .text         00000df0  00000180  00000180  00008180  2**4
                  CONTENTS, ALLOC, LOAD, READONLY, CODE
  3 .rodata       0000009c  00000f70  00000f70  00008f70  2**2
                  CONTENTS, ALLOC, LOAD, READONLY, DATA
  4 .bss          00000234  00808b00  00808b00  00010b00  2**4
                  ALLOC
  5 .comment      0000001a  00000000  00000000  0000900c  2**0
                  CONTENTS, READONLY
  6 .TC32.attributes 00000010  00000000  00000000  00009026  2**0
                  CONTENTS, READONLY
SYMBOL TABLE:
00000000 l    d  .vectors	00000000 .vectors
00000100 l    d  .ram_code	00000000 .ram_code
00000180 l    d  .text	00000000 .text
00000f70 l    d  .rodata	00000000 .rodata
00808b00 l    d  .bss	00000000 .bss
00000000 l    d  .comment	00000000 .comment
00000000 l    d  .TC32.attributes	00000000 .TC32.attributes
0000001f l       *ABS*	00000000 MODE_BITS
00000012 l       *ABS*	00000000 IRQ_MODE
00000013 l       *ABS*	00000000 SVC_MODE
00000180 l       *ABS*	00000000 IRQ_STK_SIZE
000000b8 l       .vectors	00000000 FLL_D
00000026 l       .vectors	00000000 FLL_STK
00000030 l       .vectors	00000000 FLL_STK_END
00000084 l       .vectors	00000000 DAT0
00000046 l       .vectors	00000000 ZERO
00000050 l       .vectors	00000000 ZERO_END
00000054 l       .vectors	00000000 ZERO_TAG
0000005e l       .vectors	00000000 ZERO_TAG_END
0000005e l       .vectors	00000000 SETIC
000000ac l       .vectors	00000000 DATA_I
0000006e l       .vectors	00000000 COPY_DATA
0000007c l       .vectors	00000000 COPY_DATA_END
00000080 l       .vectors	00000000 END
00808b00 l     O .bss	00000180 irq_stk
000000f8 l       .vectors	00000000 ASMEND
00000000 l    df *ABS*	00000000 interrupt.c
00000000 l    df *ABS*	00000000 gateway_frame.c
00808c80 l     O .bss	00000004 Gateway_SetChannelDoneHandler
00808c84 l     O .bss	00000080 frame_buffer
00808d04 l     O .bss	00000004 Gateway_SetPowerDoneHandler
00808d08 l     O .bss	00000004 Gateway_ReadRssiDoneHandler
00808d0c l     O .bss	00000004 Gateway_RxPacketHandler
00808d10 l     O .bss	00000004 Gateway_TxPacketDoneHandler
00808d14 l     O .bss	00000004 Gateway_SetPanIDDoneHandler
00808d18 l     O .bss	00000004 Gateway_SetMacDoneHandler
00000000 l    df *ABS*	00000000 gateway_interface.c
00000328 l     F .text	00000028 Transceiver_Read
00000350 l     F .text	00000028 Transceiver_Write
00808d1c l     O .bss	00000006 tmpBuf1
00000000 l    df *ABS*	00000000 main.c
00000000 l    df *ABS*	00000000 test.c
000005c8 l     F .text	00000014 Test_RxPacketHandler
000005dc l     F .text	00000014 Test_TxPacketDoneHandler
000005f0 l     F .text	00000014 Test_SetPowerDoneHandler
00000604 l     F .text	00000014 Test_SetChannelDoneHandler
00000618 l     F .text	00000014 Test_SetPanIDDoneHandler
0000062c l     F .text	00000014 Test_SetMacDoneHandler
00000640 l     F .text	00000014 Test_ReadRssiDoneHandler
00808d28 l     O .bss	00000004 payload_data
00000000 l    df *ABS*	00000000 bsp.c
00000704 l     F .text	00000048 SendStatusToUsb
00000000 l    df *ABS*	00000000 gpio.c
00000000 l    df *ABS*	00000000 irq.c
00000000 l    df *ABS*	00000000 pm.c
00000fd4 l     O .rodata	00000038 tbl_cpu_wakeup_init
00000000 l    df *ABS*	00000000 spi.c
00000000 l    df *ABS*	00000000 string.c
000006c4 g     F .text	0000002c Test_SendData
00808d34 g       *ABS*	00000000 _end_bss_
000008e0 g     F .text	0000001c WaitUs
0000000c g       *ABS*	00000000 __LOAD_RAM
00000aa0 g     F .text	00000030 GPIO_SetGPIOEnable
00000654 g     F .text	00000032 Blink_LED
0000100c g       *ABS*	00000000 _bin_size_
0000092c g     F .text	000000d4 LoadTblCmdSet
00000b7c g     F .text	000000c6 GPIO_PullSet
00000c44 g     F .text	00000050 GPIO_SetInterrupt
00000020 g       .vectors	00000000 __reset
00000c94 g     F .text	00000010 IRQ_Enable
00000020 g       *ABS*	00000000 _ramcode_size_div_16_align_256_
000008fc g     F .text	00000030 WaitMs
00000f58 g     F .text	00000018 memcpy
0000100c g       *ABS*	00000000 _code_size_
0000018c g     F .text	00000004 __udivsi3
00808b00 g       .rodata	00000000 _end_data_
000003c0 g     F .text	00000084 ResBuf_Read
00000b64 g     F .text	00000018 GPIO_ReadInputBit
00000688 g     F .text	0000003c Test_Init
00808b00 g       .bss	00000000 _start_bss_
00000444 g     F .text	00000094 ParaBuf_Write
00000da4 g     F .text	00000026 SPI_MasterCSPinSelect
00000258 g     F .text	000000ce Gateway_IrqHandler
00000188 g     F .text	00000004 __umodsi3
00000000 g       .vectors	00000000 __start
00000214 g     F .text	00000044 Gateway_SetHandlers
00808b00 g       .rodata	00000000 _start_data_
00000b4c g     F .text	00000018 GPIO_ResetBit
00808d25 g     O .bss	00000001 tx_trig_flag
00000a00 g     F .text	00000064 USB_DpPullUpEn
00000002 g       *ABS*	00000000 _ramcode_size_div_256_
00000f24 g     F .text	00000032 bcopy
000008b4 g     F .text	0000002c WriteAnalogReg
00808d30 g     O .bss	00000004 TickPerUs
00000dcc g     F .text	00000040 SPI_MasterInit
00000b30 g     F .text	0000001c GPIO_SetBit
000004d8 g     F .text	000000f0 main
00000ca4 g     F .text	0000000c IRQ_SrcGet
00000184 g     F .text	00000004 __divsi3
00000e0c g     F .text	00000084 SPI_Write
0000074c g     F .text	000000ec SysInit
00000ad0 g     F .text	00000030 GPIO_SetOutputEnable
00000838 g     F .text	00000054 SysClockInit
00000cc0 g     F .text	00000010 IRQ_EnableType
00000cd0 g     F .text	0000002c PM_WakeupInit
00000100 g     F .ram_code	00000078 irq_handler
00000a8c g     F .text	00000014 USB_LogInit
00808200 g       *ABS*	00000000 _ictag_start_
00000cb0 g     F .text	00000010 IRQ_SrcClr
00000b00 g     F .text	00000030 GPIO_SetInputEnable
00000cfc g     F .text	000000a8 SPI_MasterPinSelect
00808300 g       *ABS*	00000000 _ictag_end_
00000180 g     F .text	00000004 __modsi3
00808d2c g     O .bss	00000004 firmwareVersion
000000d0 g       .vectors	00000000 __irq
000001d0 g     F .text	00000044 Gateway_TxPacket
00000a64 g     F .text	00000026 LogMsg
0000088c g     F .text	00000028 ReadAnalogReg
00808d24 g     O .bss	00000001 rx_trig_flag
0000100c g       *ABS*	00000000 _dstored_
00000190 g     F .text	0000003c div
00000e90 g     F .text	00000094 SPI_Read
000006f0 g     F .text	00000012 Test_ProcessData
00000378 g     F .text	00000048 Interface_Init



Disassembly of section .vectors:

00000000 <__start>:
   0:	800e      	tj.n	20 <__reset>
   2:	00808d2c 	taddeq	r8, r0, ip, lsr #26
   6:	4e4b0000 	undefined instruction 0x4e4b0000
   a:	0020544c 	txoreq	r5, r0, ip, asr #8
   e:	805e0088 	tsubshi	r0, lr, r8, lsl #1
  12:	0000      	tands	r0, r0
  14:	0000      	tands	r0, r0
  16:	0000      	tands	r0, r0
  18:	0000100c 	tandeq	r1, r0, ip
  1c:	00000000 	tandeq	r0, r0, r0

00000020 <__reset>:
  20:	0825      	tloadr	r0, [pc, #148]	; (b8 <FLL_D>)
  22:	0926      	tloadr	r1, [pc, #152]	; (bc <FLL_D+0x4>)
  24:	0a26      	tloadr	r2, [pc, #152]	; (c0 <FLL_D+0x8>)

00000026 <FLL_STK>:
  26:	0291      	tcmp	r1, r2
  28:	ca02      	tjge.n	30 <FLL_STK_END>
  2a:	5008      	tstorer	r0, [r1, #0]
  2c:	b104      	tadds	r1, #4
  2e:	87fa      	tj.n	26 <FLL_STK>

00000030 <FLL_STK_END>:
  30:	0814      	tloadr	r0, [pc, #80]	; (84 <DAT0>)
  32:	6bc0      	tmcsr	r0
  34:	0815      	tloadr	r0, [pc, #84]	; (8c <DAT0+0x8>)
  36:	0685      	tmov	sp, r0
  38:	0813      	tloadr	r0, [pc, #76]	; (88 <DAT0+0x4>)
  3a:	6bc0      	tmcsr	r0
  3c:	0814      	tloadr	r0, [pc, #80]	; (90 <DAT0+0xc>)
  3e:	0685      	tmov	sp, r0
  40:	a000      	tmovs	r0, #0
  42:	0914      	tloadr	r1, [pc, #80]	; (94 <DAT0+0x10>)
  44:	0a14      	tloadr	r2, [pc, #80]	; (98 <DAT0+0x14>)

00000046 <ZERO>:
  46:	0291      	tcmp	r1, r2
  48:	ca02      	tjge.n	50 <ZERO_END>
  4a:	5008      	tstorer	r0, [r1, #0]
  4c:	b104      	tadds	r1, #4
  4e:	87fa      	tj.n	46 <ZERO>

00000050 <ZERO_END>:
  50:	0913      	tloadr	r1, [pc, #76]	; (a0 <DAT0+0x1c>)
  52:	0a14      	tloadr	r2, [pc, #80]	; (a4 <DAT0+0x20>)

00000054 <ZERO_TAG>:
  54:	0291      	tcmp	r1, r2
  56:	ca02      	tjge.n	5e <SETIC>
  58:	5008      	tstorer	r0, [r1, #0]
  5a:	b104      	tadds	r1, #4
  5c:	87fa      	tj.n	54 <ZERO_TAG>

0000005e <SETIC>:
  5e:	090f      	tloadr	r1, [pc, #60]	; (9c <DAT0+0x18>)
  60:	0811      	tloadr	r0, [pc, #68]	; (a8 <DAT0+0x24>)
  62:	4008      	tstorerb	r0, [r1, #0]
  64:	b001      	tadds	r0, #1
  66:	4048      	tstorerb	r0, [r1, #1]
  68:	0910      	tloadr	r1, [pc, #64]	; (ac <DATA_I>)
  6a:	0a11      	tloadr	r2, [pc, #68]	; (b0 <DATA_I+0x4>)
  6c:	0b11      	tloadr	r3, [pc, #68]	; (b4 <DATA_I+0x8>)

0000006e <COPY_DATA>:
  6e:	029a      	tcmp	r2, r3
  70:	ca04      	tjge.n	7c <COPY_DATA_END>
  72:	5808      	tloadr	r0, [r1, #0]
  74:	5010      	tstorer	r0, [r2, #0]
  76:	b104      	tadds	r1, #4
  78:	b204      	tadds	r2, #4
  7a:	87f8      	tj.n	6e <COPY_DATA>

0000007c <COPY_DATA_END>:
  7c:	9000 9a2c 	tjl	4d8 <main>

00000080 <END>:
  80:	87fe      	tj.n	80 <END>
  82:	46c0      	tnop			; (mov r8, r8)

00000084 <DAT0>:
  84:	00000012 	tandeq	r0, r0, r2, lsl r0
  88:	00000013 	tandeq	r0, r0, r3, lsl r0
  8c:	00808c80 	taddeq	r8, r0, r0, lsl #25
  90:	0080c000 	taddeq	ip, r0, r0
  94:	00808b00 	taddeq	r8, r0, r0, lsl #22
  98:	00808d34 	taddeq	r8, r0, r4, lsr sp
  9c:	0080060c 	taddeq	r0, r0, ip, lsl #12
  a0:	00808200 	taddeq	r8, r0, r0, lsl #4
  a4:	00808300 	taddeq	r8, r0, r0, lsl #6
  a8:	00000002 	tandeq	r0, r0, r2

000000ac <DATA_I>:
  ac:	0000100c 	tandeq	r1, r0, ip
  b0:	00808b00 	taddeq	r8, r0, r0, lsl #22
  b4:	00808b00 	taddeq	r8, r0, r0, lsl #22

000000b8 <FLL_D>:
  b8:	ffffffff 	undefined instruction 0xffffffff
  bc:	00808b00 	taddeq	r8, r0, r0, lsl #22
  c0:	0080c000 	taddeq	ip, r0, r0
  c4:	46c0      	tnop			; (mov r8, r8)
  c6:	46c0      	tnop			; (mov r8, r8)
  c8:	46c0      	tnop			; (mov r8, r8)
  ca:	46c0      	tnop			; (mov r8, r8)
  cc:	46c0      	tnop			; (mov r8, r8)
  ce:	46c0      	tnop			; (mov r8, r8)

000000d0 <__irq>:
  d0:	6500      	tpush	{lr}
  d2:	64ff      	tpush	{r0, r1, r2, r3, r4, r5, r6, r7}
  d4:	6bd8      	tmrss	r0
  d6:	0641      	tmov	r1, r8
  d8:	064a      	tmov	r2, r9
  da:	0653      	tmov	r3, sl
  dc:	065c      	tmov	r4, fp
  de:	0665      	tmov	r5, ip
  e0:	643f      	tpush	{r0, r1, r2, r3, r4, r5}
  e2:	9000 980d 	tjl	100 <irq_handler>
  e6:	6c3f      	tpop	{r0, r1, r2, r3, r4, r5}
  e8:	0688      	tmov	r8, r1
  ea:	0691      	tmov	r9, r2
  ec:	069a      	tmov	sl, r3
  ee:	06a3      	tmov	fp, r4
  f0:	06ac      	tmov	ip, r5
  f2:	6bd0      	tmssr	r0
  f4:	6cff      	tpop	{r0, r1, r2, r3, r4, r5, r6, r7}
  f6:	6900      	treti	{pc}

000000f8 <ASMEND>:
  f8:	46c0      	tnop			; (mov r8, r8)
  fa:	46c0      	tnop			; (mov r8, r8)
  fc:	46c0      	tnop			; (mov r8, r8)
  fe:	46c0      	tnop			; (mov r8, r8)

Disassembly of section .ram_code:

00000100 <irq_handler>:
irq_handler():
 100:	6500      	tpush	{lr}
 102:	9000 9dcf 	tjl	ca4 <IRQ_SrcGet>
 106:	f343      	tshftls	r3, r0, #13
 108:	c52c      	tjpl.n	164 <irq_handler+0x64>
 10a:	a0c1      	tmovs	r0, #193	; 0xc1
 10c:	f080      	tshftls	r0, r0, #2
 10e:	9000 9d29 	tjl	b64 <GPIO_ReadInputBit>
 112:	a800      	tcmp	r0, #0
 114:	c111      	tjne.n	13a <irq_handler+0x3a>
 116:	a00a      	tmovs	r0, #10
 118:	9000 9be2 	tjl	8e0 <WaitUs>
 11c:	a0c1      	tmovs	r0, #193	; 0xc1
 11e:	f080      	tshftls	r0, r0, #2
 120:	9000 9d20 	tjl	b64 <GPIO_ReadInputBit>
 124:	a800      	tcmp	r0, #0
 126:	c108      	tjne.n	13a <irq_handler+0x3a>
 128:	a0c1      	tmovs	r0, #193	; 0xc1
 12a:	f080      	tshftls	r0, r0, #2
 12c:	9000 9d1a 	tjl	b64 <GPIO_ReadInputBit>
 130:	a800      	tcmp	r0, #0
 132:	c0f9      	tjeq.n	128 <irq_handler+0x28>
 134:	a201      	tmovs	r2, #1
 136:	0b0d      	tloadr	r3, [pc, #52]	; (16c <irq_handler+0x6c>)
 138:	401a      	tstorerb	r2, [r3, #0]
 13a:	080d      	tloadr	r0, [pc, #52]	; (170 <irq_handler+0x70>)
 13c:	9000 9d12 	tjl	b64 <GPIO_ReadInputBit>
 140:	a800      	tcmp	r0, #0
 142:	c10f      	tjne.n	164 <irq_handler+0x64>
 144:	a00a      	tmovs	r0, #10
 146:	9000 9bcb 	tjl	8e0 <WaitUs>
 14a:	0809      	tloadr	r0, [pc, #36]	; (170 <irq_handler+0x70>)
 14c:	9000 9d0a 	tjl	b64 <GPIO_ReadInputBit>
 150:	a800      	tcmp	r0, #0
 152:	c107      	tjne.n	164 <irq_handler+0x64>
 154:	0806      	tloadr	r0, [pc, #24]	; (170 <irq_handler+0x70>)
 156:	9000 9d05 	tjl	b64 <GPIO_ReadInputBit>
 15a:	a800      	tcmp	r0, #0
 15c:	c0fa      	tjeq.n	154 <irq_handler+0x54>
 15e:	a201      	tmovs	r2, #1
 160:	0b04      	tloadr	r3, [pc, #16]	; (174 <irq_handler+0x74>)
 162:	401a      	tstorerb	r2, [r3, #0]
 164:	9000 9da4 	tjl	cb0 <IRQ_SrcClr>
 168:	6d00      	tpop	{pc}
 16a:	46c0      	tnop			; (mov r8, r8)
 16c:	00808d25 	taddeq	r8, r0, r5, lsr #26
 170:	00000302 	tandeq	r0, r0, r2, lsl #6
 174:	00808d24 	taddeq	r8, r0, r4, lsr #26

Disassembly of section .text:

00000180 <__modsi3>:
__modsi3():
 180:	a203      	tmovs	r2, #3
 182:	8005      	tj.n	190 <div>

00000184 <__divsi3>:
__divsi3():
 184:	a201      	tmovs	r2, #1
 186:	8003      	tj.n	190 <div>

00000188 <__umodsi3>:
__umodsi3():
 188:	a202      	tmovs	r2, #2
 18a:	8001      	tj.n	190 <div>

0000018c <__udivsi3>:
__udivsi3():
 18c:	a200      	tmovs	r2, #0
 18e:	87ff      	tj.n	190 <div>

00000190 <div>:
div():
 190:	6bcb      	tmrcs	r3
 192:	6418      	tpush	{r3, r4}
 194:	a480      	tmovs	r4, #128	; 0x80
 196:	0323      	tors	r3, r4
 198:	6bc3      	tmcsr	r3
 19a:	0b09      	tloadr	r3, [pc, #36]	; (1c0 <div+0x30>)
 19c:	5018      	tstorer	r0, [r3, #0]
 19e:	b304      	tadds	r3, #4
 1a0:	5019      	tstorer	r1, [r3, #0]
 1a2:	bb08      	tsubs	r3, #8
 1a4:	401a      	tstorerb	r2, [r3, #0]
 1a6:	4818      	tloadrb	r0, [r3, #0]
 1a8:	a800      	tcmp	r0, #0
 1aa:	c1fc      	tjne.n	1a6 <div+0x16>
 1ac:	aa01      	tcmp	r2, #1
 1ae:	c902      	tjls.n	1b6 <div+0x26>
 1b0:	b308      	tadds	r3, #8
 1b2:	5818      	tloadr	r0, [r3, #0]
 1b4:	8001      	tj.n	1ba <div+0x2a>
 1b6:	b304      	tadds	r3, #4
 1b8:	5818      	tloadr	r0, [r3, #0]
 1ba:	6c18      	tpop	{r3, r4}
 1bc:	6bc3      	tmcsr	r3
 1be:	0770      	tjex	lr
 1c0:	00800664 	taddeq	r0, r0, r4, ror #12
 1c4:	00800660 	taddeq	r0, r0, r0, ror #12
 1c8:	00800668 	taddeq	r0, r0, r8, ror #12
 1cc:	46c0      	tnop			; (mov r8, r8)
 1ce:	46c0      	tnop			; (mov r8, r8)

000001d0 <Gateway_TxPacket>:
Gateway_TxPacket():
 1d0:	6570      	tpush	{r4, r5, r6, lr}
 1d2:	f61d      	tshftls	r5, r3, #24
 1d4:	fe2d      	tshftrs	r5, r5, #24
 1d6:	0c0e      	tloadr	r4, [pc, #56]	; (210 <Gateway_TxPacket+0x40>)
 1d8:	a305      	tmovs	r3, #5
 1da:	4023      	tstorerb	r3, [r4, #0]
 1dc:	ed2b      	tadds	r3, r5, #4
 1de:	4063      	tstorerb	r3, [r4, #1]
 1e0:	40a0      	tstorerb	r0, [r4, #2]
 1e2:	fa00      	tshftrs	r0, r0, #8
 1e4:	40e0      	tstorerb	r0, [r4, #3]
 1e6:	4121      	tstorerb	r1, [r4, #4]
 1e8:	fa09      	tshftrs	r1, r1, #8
 1ea:	4161      	tstorerb	r1, [r4, #5]
 1ec:	eda6      	tadds	r6, r4, #6
 1ee:	ec30      	tadds	r0, r6, #0
 1f0:	ec11      	tadds	r1, r2, #0
 1f2:	ec2a      	tadds	r2, r5, #0
 1f4:	9000 9eb0 	tjl	f58 <memcpy>
 1f8:	e971      	tadds	r1, r6, r5
 1fa:	eb09      	tsubs	r1, r1, r4
 1fc:	f609      	tshftls	r1, r1, #24
 1fe:	fe09      	tshftrs	r1, r1, #24
 200:	ec20      	tadds	r0, r4, #0
 202:	9000 991f 	tjl	444 <ParaBuf_Write>
 206:	ea28      	tsubs	r0, r5, r0
 208:	0245      	tnegs	r5, r0
 20a:	0168      	taddcs	r0, r5
 20c:	6d70      	tpop	{r4, r5, r6, pc}
 20e:	46c0      	tnop			; (mov r8, r8)
 210:	00808c84 	taddeq	r8, r0, r4, lsl #25

00000214 <Gateway_SetHandlers>:
Gateway_SetHandlers():
 214:	6510      	tpush	{r4, lr}
 216:	0c09      	tloadr	r4, [pc, #36]	; (23c <Gateway_SetHandlers+0x28>)
 218:	5020      	tstorer	r0, [r4, #0]
 21a:	0809      	tloadr	r0, [pc, #36]	; (240 <Gateway_SetHandlers+0x2c>)
 21c:	5001      	tstorer	r1, [r0, #0]
 21e:	0909      	tloadr	r1, [pc, #36]	; (244 <Gateway_SetHandlers+0x30>)
 220:	500a      	tstorer	r2, [r1, #0]
 222:	0a09      	tloadr	r2, [pc, #36]	; (248 <Gateway_SetHandlers+0x34>)
 224:	5013      	tstorer	r3, [r2, #0]
 226:	0b09      	tloadr	r3, [pc, #36]	; (24c <Gateway_SetHandlers+0x38>)
 228:	3a02      	tloadr	r2, [sp, #8]
 22a:	501a      	tstorer	r2, [r3, #0]
 22c:	0b08      	tloadr	r3, [pc, #32]	; (250 <Gateway_SetHandlers+0x3c>)
 22e:	3a03      	tloadr	r2, [sp, #12]
 230:	501a      	tstorer	r2, [r3, #0]
 232:	0b08      	tloadr	r3, [pc, #32]	; (254 <Gateway_SetHandlers+0x40>)
 234:	3a04      	tloadr	r2, [sp, #16]
 236:	501a      	tstorer	r2, [r3, #0]
 238:	6d10      	tpop	{r4, pc}
 23a:	46c0      	tnop			; (mov r8, r8)
 23c:	00808d08 	taddeq	r8, r0, r8, lsl #26
 240:	00808d18 	taddeq	r8, r0, r8, lsl sp
 244:	00808d14 	taddeq	r8, r0, r4, lsl sp
 248:	00808c80 	taddeq	r8, r0, r0, lsl #25
 24c:	00808d04 	taddeq	r8, r0, r4, lsl #26
 250:	00808d10 	taddeq	r8, r0, r0, lsl sp
 254:	00808d0c 	taddeq	r8, r0, ip, lsl #26

00000258 <Gateway_IrqHandler>:
Gateway_IrqHandler():
 258:	65f0      	tpush	{r4, r5, r6, r7, lr}
 25a:	065f      	tmov	r7, fp
 25c:	0656      	tmov	r6, sl
 25e:	064d      	tmov	r5, r9
 260:	0644      	tmov	r4, r8
 262:	64f0      	tpush	{r4, r5, r6, r7}
 264:	0c27      	tloadr	r4, [pc, #156]	; (304 <Gateway_IrqHandler+0xac>)
 266:	0a28      	tloadr	r2, [pc, #160]	; (308 <Gateway_IrqHandler+0xb0>)
 268:	0693      	tmov	fp, r2
 26a:	0b28      	tloadr	r3, [pc, #160]	; (30c <Gateway_IrqHandler+0xb4>)
 26c:	0699      	tmov	r9, r3
 26e:	0a28      	tloadr	r2, [pc, #160]	; (310 <Gateway_IrqHandler+0xb8>)
 270:	0692      	tmov	sl, r2
 272:	0b28      	tloadr	r3, [pc, #160]	; (314 <Gateway_IrqHandler+0xbc>)
 274:	0698      	tmov	r8, r3
 276:	0f28      	tloadr	r7, [pc, #160]	; (318 <Gateway_IrqHandler+0xc0>)
 278:	0e28      	tloadr	r6, [pc, #160]	; (31c <Gateway_IrqHandler+0xc4>)
 27a:	0d29      	tloadr	r5, [pc, #164]	; (320 <Gateway_IrqHandler+0xc8>)
 27c:	ec20      	tadds	r0, r4, #0
 27e:	a180      	tmovs	r1, #128	; 0x80
 280:	9000 989e 	tjl	3c0 <ResBuf_Read>
 284:	a800      	tcmp	r0, #0
 286:	c017      	tjeq.n	2b8 <Gateway_IrqHandler+0x60>
 288:	4823      	tloadrb	r3, [r4, #0]
 28a:	ab06      	tcmp	r3, #6
 28c:	c01a      	tjeq.n	2c4 <Gateway_IrqHandler+0x6c>
 28e:	ab07      	tcmp	r3, #7
 290:	c01c      	tjeq.n	2cc <Gateway_IrqHandler+0x74>
 292:	ab08      	tcmp	r3, #8
 294:	c027      	tjeq.n	2e6 <Gateway_IrqHandler+0x8e>
 296:	ab09      	tcmp	r3, #9
 298:	c029      	tjeq.n	2ee <Gateway_IrqHandler+0x96>
 29a:	ab0a      	tcmp	r3, #10
 29c:	c11a      	tjne.n	2d4 <Gateway_IrqHandler+0x7c>
 29e:	0652      	tmov	r2, sl
 2a0:	5813      	tloadr	r3, [r2, #0]
 2a2:	ab00      	tcmp	r3, #0
 2a4:	c0ea      	tjeq.n	27c <Gateway_IrqHandler+0x24>
 2a6:	ec20      	tadds	r0, r4, #0
 2a8:	9000 983c 	tjl	324 <Gateway_IrqHandler+0xcc>
 2ac:	ec20      	tadds	r0, r4, #0
 2ae:	a180      	tmovs	r1, #128	; 0x80
 2b0:	9000 9886 	tjl	3c0 <ResBuf_Read>
 2b4:	a800      	tcmp	r0, #0
 2b6:	c1e7      	tjne.n	288 <Gateway_IrqHandler+0x30>
 2b8:	6c3c      	tpop	{r2, r3, r4, r5}
 2ba:	0690      	tmov	r8, r2
 2bc:	0699      	tmov	r9, r3
 2be:	06a2      	tmov	sl, r4
 2c0:	06ab      	tmov	fp, r5
 2c2:	6df0      	tpop	{r4, r5, r6, r7, pc}
 2c4:	582b      	tloadr	r3, [r5, #0]
 2c6:	ab00      	tcmp	r3, #0
 2c8:	c1ed      	tjne.n	2a6 <Gateway_IrqHandler+0x4e>
 2ca:	87d7      	tj.n	27c <Gateway_IrqHandler+0x24>
 2cc:	5833      	tloadr	r3, [r6, #0]
 2ce:	ab00      	tcmp	r3, #0
 2d0:	c1e9      	tjne.n	2a6 <Gateway_IrqHandler+0x4e>
 2d2:	87d3      	tj.n	27c <Gateway_IrqHandler+0x24>
 2d4:	ab0b      	tcmp	r3, #11
 2d6:	c00f      	tjeq.n	2f8 <Gateway_IrqHandler+0xa0>
 2d8:	ab0c      	tcmp	r3, #12
 2da:	c1cf      	tjne.n	27c <Gateway_IrqHandler+0x24>
 2dc:	065a      	tmov	r2, fp
 2de:	5813      	tloadr	r3, [r2, #0]
 2e0:	ab00      	tcmp	r3, #0
 2e2:	c1e0      	tjne.n	2a6 <Gateway_IrqHandler+0x4e>
 2e4:	87ca      	tj.n	27c <Gateway_IrqHandler+0x24>
 2e6:	583b      	tloadr	r3, [r7, #0]
 2e8:	ab00      	tcmp	r3, #0
 2ea:	c1dc      	tjne.n	2a6 <Gateway_IrqHandler+0x4e>
 2ec:	87c6      	tj.n	27c <Gateway_IrqHandler+0x24>
 2ee:	0642      	tmov	r2, r8
 2f0:	5813      	tloadr	r3, [r2, #0]
 2f2:	ab00      	tcmp	r3, #0
 2f4:	c1d7      	tjne.n	2a6 <Gateway_IrqHandler+0x4e>
 2f6:	87c1      	tj.n	27c <Gateway_IrqHandler+0x24>
 2f8:	064a      	tmov	r2, r9
 2fa:	5813      	tloadr	r3, [r2, #0]
 2fc:	ab00      	tcmp	r3, #0
 2fe:	c1d2      	tjne.n	2a6 <Gateway_IrqHandler+0x4e>
 300:	87bc      	tj.n	27c <Gateway_IrqHandler+0x24>
 302:	46c0      	tnop			; (mov r8, r8)
 304:	00808c84 	taddeq	r8, r0, r4, lsl #25
 308:	00808d0c 	taddeq	r8, r0, ip, lsl #26
 30c:	00808d10 	taddeq	r8, r0, r0, lsl sp
 310:	00808c80 	taddeq	r8, r0, r0, lsl #25
 314:	00808d04 	taddeq	r8, r0, r4, lsl #26
 318:	00808d14 	taddeq	r8, r0, r4, lsl sp
 31c:	00808d18 	taddeq	r8, r0, r8, lsl sp
 320:	00808d08 	taddeq	r8, r0, r8, lsl #26
 324:	0718      	tjex	r3
 326:	46c0      	tnop			; (mov r8, r8)

00000328 <Transceiver_Read>:
Transceiver_Read():
 328:	6510      	tpush	{r4, lr}
 32a:	6082      	tsub	sp, #8
 32c:	ec0c      	tadds	r4, r1, #0
 32e:	ec13      	tadds	r3, r2, #0
 330:	f402      	tshftls	r2, r0, #16
 332:	fc11      	tshftrs	r1, r2, #16
 334:	7801      	tadd	r0, sp, #4
 336:	fe12      	tshftrs	r2, r2, #24
 338:	4002      	tstorerb	r2, [r0, #0]
 33a:	4041      	tstorerb	r1, [r0, #1]
 33c:	a280      	tmovs	r2, #128	; 0x80
 33e:	4082      	tstorerb	r2, [r0, #2]
 340:	a220      	tmovs	r2, #32
 342:	3200      	tstorer	r2, [sp, #0]
 344:	a103      	tmovs	r1, #3
 346:	ec22      	tadds	r2, r4, #0
 348:	9000 9da2 	tjl	e90 <SPI_Read>
 34c:	6002      	tadd	sp, #8
 34e:	6d10      	tpop	{r4, pc}

00000350 <Transceiver_Write>:
Transceiver_Write():
 350:	6510      	tpush	{r4, lr}
 352:	6082      	tsub	sp, #8
 354:	ec0c      	tadds	r4, r1, #0
 356:	ec13      	tadds	r3, r2, #0
 358:	f402      	tshftls	r2, r0, #16
 35a:	fc11      	tshftrs	r1, r2, #16
 35c:	7801      	tadd	r0, sp, #4
 35e:	fe12      	tshftrs	r2, r2, #24
 360:	4002      	tstorerb	r2, [r0, #0]
 362:	4041      	tstorerb	r1, [r0, #1]
 364:	a200      	tmovs	r2, #0
 366:	4082      	tstorerb	r2, [r0, #2]
 368:	a220      	tmovs	r2, #32
 36a:	3200      	tstorer	r2, [sp, #0]
 36c:	a103      	tmovs	r1, #3
 36e:	ec22      	tadds	r2, r4, #0
 370:	9000 9d4c 	tjl	e0c <SPI_Write>
 374:	6002      	tadd	sp, #8
 376:	6d10      	tpop	{r4, pc}

00000378 <Interface_Init>:
Interface_Init():
 378:	6510      	tpush	{r4, lr}
 37a:	a000      	tmovs	r0, #0
 37c:	9000 9cbe 	tjl	cfc <SPI_MasterPinSelect>
 380:	a020      	tmovs	r0, #32
 382:	9000 9d0f 	tjl	da4 <SPI_MasterCSPinSelect>
 386:	a00f      	tmovs	r0, #15
 388:	a100      	tmovs	r1, #0
 38a:	9000 9d1f 	tjl	dcc <SPI_MasterInit>
 38e:	0c0b      	tloadr	r4, [pc, #44]	; (3bc <Interface_Init+0x44>)
 390:	ec20      	tadds	r0, r4, #0
 392:	a101      	tmovs	r1, #1
 394:	9000 9b84 	tjl	aa0 <GPIO_SetGPIOEnable>
 398:	ec20      	tadds	r0, r4, #0
 39a:	a101      	tmovs	r1, #1
 39c:	9000 9bb0 	tjl	b00 <GPIO_SetInputEnable>
 3a0:	ec20      	tadds	r0, r4, #0
 3a2:	a101      	tmovs	r1, #1
 3a4:	9000 9bea 	tjl	b7c <GPIO_PullSet>
 3a8:	ec20      	tadds	r0, r4, #0
 3aa:	a101      	tmovs	r1, #1
 3ac:	9000 9c4a 	tjl	c44 <GPIO_SetInterrupt>
 3b0:	a080      	tmovs	r0, #128	; 0x80
 3b2:	f2c0      	tshftls	r0, r0, #11
 3b4:	9000 9c84 	tjl	cc0 <IRQ_EnableType>
 3b8:	6d10      	tpop	{r4, pc}
 3ba:	46c0      	tnop			; (mov r8, r8)
 3bc:	00000302 	tandeq	r0, r0, r2, lsl #6

000003c0 <ResBuf_Read>:
ResBuf_Read():
 3c0:	65f0      	tpush	{r4, r5, r6, r7, lr}
 3c2:	0647      	tmov	r7, r8
 3c4:	6480      	tpush	{r7}
 3c6:	6082      	tsub	sp, #8
 3c8:	ec06      	tadds	r6, r0, #0
 3ca:	f60d      	tshftls	r5, r1, #24
 3cc:	fe2d      	tshftrs	r5, r5, #24
 3ce:	066c      	tmov	r4, sp
 3d0:	0819      	tloadr	r0, [pc, #100]	; (438 <ResBuf_Read+0x78>)
 3d2:	0669      	tmov	r1, sp
 3d4:	a206      	tmovs	r2, #6
 3d6:	97ff 9fa7 	tjl	328 <Transceiver_Read>
 3da:	4821      	tloadrb	r1, [r4, #0]
 3dc:	4860      	tloadrb	r0, [r4, #1]
 3de:	0680      	tmov	r8, r0
 3e0:	48a3      	tloadrb	r3, [r4, #2]
 3e2:	069c      	tmov	ip, r3
 3e4:	48e7      	tloadrb	r7, [r4, #3]
 3e6:	4922      	tloadrb	r2, [r4, #4]
 3e8:	4963      	tloadrb	r3, [r4, #5]
 3ea:	066c      	tmov	r4, sp
 3ec:	b407      	tadds	r4, #7
 3ee:	4023      	tstorerb	r3, [r4, #0]
 3f0:	a000      	tmovs	r0, #0
 3f2:	029a      	tcmp	r2, r3
 3f4:	c01c      	tjeq.n	430 <ResBuf_Read+0x70>
 3f6:	0640      	tmov	r0, r8
 3f8:	f202      	tshftls	r2, r0, #8
 3fa:	ec18      	tadds	r0, r3, #0
 3fc:	0663      	tmov	r3, ip
 3fe:	0343      	tmuls	r3, r0
 400:	e8d3      	tadds	r3, r2, r3
 402:	e8cb      	tadds	r3, r1, r3
 404:	f41b      	tshftls	r3, r3, #16
 406:	fc18      	tshftrs	r0, r3, #16
 408:	0a0c      	tloadr	r2, [pc, #48]	; (43c <ResBuf_Read+0x7c>)
 40a:	fe1b      	tshftrs	r3, r3, #24
 40c:	4013      	tstorerb	r3, [r2, #0]
 40e:	4050      	tstorerb	r0, [r2, #1]
 410:	ec31      	tadds	r1, r6, #0
 412:	ec2a      	tadds	r2, r5, #0
 414:	97ff 9f88 	tjl	328 <Transceiver_Read>
 418:	4820      	tloadrb	r0, [r4, #0]
 41a:	b001      	tadds	r0, #1
 41c:	ec39      	tadds	r1, r7, #0
 41e:	97ff 9eaf 	tjl	180 <__modsi3>
 422:	4020      	tstorerb	r0, [r4, #0]
 424:	0806      	tloadr	r0, [pc, #24]	; (440 <ResBuf_Read+0x80>)
 426:	ec21      	tadds	r1, r4, #0
 428:	a201      	tmovs	r2, #1
 42a:	97ff 9f91 	tjl	350 <Transceiver_Write>
 42e:	ec28      	tadds	r0, r5, #0
 430:	6002      	tadd	sp, #8
 432:	6c04      	tpop	{r2}
 434:	0690      	tmov	r8, r2
 436:	6df0      	tpop	{r4, r5, r6, r7, pc}
 438:	0000800a 	tandeq	r8, r0, sl
 43c:	00808d1c 	taddeq	r8, r0, ip, lsl sp
 440:	0000800f 	tandeq	r8, r0, pc

00000444 <ParaBuf_Write>:
ParaBuf_Write():
 444:	65f0      	tpush	{r4, r5, r6, r7, lr}
 446:	065f      	tmov	r7, fp
 448:	0656      	tmov	r6, sl
 44a:	064d      	tmov	r5, r9
 44c:	0644      	tmov	r4, r8
 44e:	64f0      	tpush	{r4, r5, r6, r7}
 450:	6083      	tsub	sp, #12
 452:	3000      	tstorer	r0, [sp, #0]
 454:	f609      	tshftls	r1, r1, #24
 456:	fe09      	tshftrs	r1, r1, #24
 458:	0688      	tmov	r8, r1
 45a:	7c01      	tadd	r4, sp, #4
 45c:	081c      	tloadr	r0, [pc, #112]	; (4d0 <ParaBuf_Write+0x8c>)
 45e:	ec21      	tadds	r1, r4, #0
 460:	a206      	tmovs	r2, #6
 462:	97ff 9f61 	tjl	328 <Transceiver_Read>
 466:	4823      	tloadrb	r3, [r4, #0]
 468:	069b      	tmov	fp, r3
 46a:	4863      	tloadrb	r3, [r4, #1]
 46c:	069a      	tmov	sl, r3
 46e:	48a3      	tloadrb	r3, [r4, #2]
 470:	0699      	tmov	r9, r3
 472:	48e7      	tloadrb	r7, [r4, #3]
 474:	4926      	tloadrb	r6, [r4, #4]
 476:	066d      	tmov	r5, sp
 478:	b50b      	tadds	r5, #11
 47a:	402e      	tstorerb	r6, [r5, #0]
 47c:	ec70      	tadds	r0, r6, #1
 47e:	ec39      	tadds	r1, r7, #0
 480:	97ff 9e7e 	tjl	180 <__modsi3>
 484:	4962      	tloadrb	r2, [r4, #5]
 486:	a300      	tmovs	r3, #0
 488:	0290      	tcmp	r0, r2
 48a:	c018      	tjeq.n	4be <ParaBuf_Write+0x7a>
 48c:	0653      	tmov	r3, sl
 48e:	f218      	tshftls	r0, r3, #8
 490:	ec33      	tadds	r3, r6, #0
 492:	064e      	tmov	r6, r9
 494:	035e      	tmuls	r6, r3
 496:	e980      	tadds	r0, r0, r6
 498:	0458      	tadd	r0, fp
 49a:	f400      	tshftls	r0, r0, #16
 49c:	fc00      	tshftrs	r0, r0, #16
 49e:	3900      	tloadr	r1, [sp, #0]
 4a0:	0642      	tmov	r2, r8
 4a2:	97ff 9f55 	tjl	350 <Transceiver_Write>
 4a6:	4828      	tloadrb	r0, [r5, #0]
 4a8:	b001      	tadds	r0, #1
 4aa:	ec39      	tadds	r1, r7, #0
 4ac:	97ff 9e68 	tjl	180 <__modsi3>
 4b0:	4028      	tstorerb	r0, [r5, #0]
 4b2:	0808      	tloadr	r0, [pc, #32]	; (4d4 <ParaBuf_Write+0x90>)
 4b4:	ec29      	tadds	r1, r5, #0
 4b6:	a201      	tmovs	r2, #1
 4b8:	97ff 9f4a 	tjl	350 <Transceiver_Write>
 4bc:	0643      	tmov	r3, r8
 4be:	ec18      	tadds	r0, r3, #0
 4c0:	6003      	tadd	sp, #12
 4c2:	6c3c      	tpop	{r2, r3, r4, r5}
 4c4:	0690      	tmov	r8, r2
 4c6:	0699      	tmov	r9, r3
 4c8:	06a2      	tmov	sl, r4
 4ca:	06ab      	tmov	fp, r5
 4cc:	6df0      	tpop	{r4, r5, r6, r7, pc}
 4ce:	46c0      	tnop			; (mov r8, r8)
 4d0:	00008004 	tandeq	r8, r0, r4
 4d4:	00008008 	tandeq	r8, r0, r8

000004d8 <main>:
main():
 4d8:	6570      	tpush	{r4, r5, r6, lr}
 4da:	6082      	tsub	sp, #8
 4dc:	9000 9bf8 	tjl	cd0 <PM_WakeupInit>
 4e0:	0668      	tmov	r0, sp
 4e2:	a300      	tmovs	r3, #0
 4e4:	4003      	tstorerb	r3, [r0, #0]
 4e6:	4043      	tstorerb	r3, [r0, #1]
 4e8:	4083      	tstorerb	r3, [r0, #2]
 4ea:	a3ff      	tmovs	r3, #255	; 0xff
 4ec:	40c3      	tstorerb	r3, [r0, #3]
 4ee:	4103      	tstorerb	r3, [r0, #4]
 4f0:	4143      	tstorerb	r3, [r0, #5]
 4f2:	9000 992b 	tjl	74c <SysInit>
 4f6:	a001      	tmovs	r0, #1
 4f8:	a106      	tmovs	r1, #6
 4fa:	9000 999d 	tjl	838 <SysClockInit>
 4fe:	9000 9ac5 	tjl	a8c <USB_LogInit>
 502:	a001      	tmovs	r0, #1
 504:	9000 9a7c 	tjl	a00 <USB_DpPullUpEn>
 508:	082c      	tloadr	r0, [pc, #176]	; (5bc <main+0xe4>)
 50a:	9000 99f7 	tjl	8fc <WaitMs>
 50e:	a0e8      	tmovs	r0, #232	; 0xe8
 510:	f080      	tshftls	r0, r0, #2
 512:	a101      	tmovs	r1, #1
 514:	9000 9ac4 	tjl	aa0 <GPIO_SetGPIOEnable>
 518:	a0c8      	tmovs	r0, #200	; 0xc8
 51a:	f080      	tshftls	r0, r0, #2
 51c:	9000 9b16 	tjl	b4c <GPIO_ResetBit>
 520:	a0e0      	tmovs	r0, #224	; 0xe0
 522:	f080      	tshftls	r0, r0, #2
 524:	9000 9b12 	tjl	b4c <GPIO_ResetBit>
 528:	a0e8      	tmovs	r0, #232	; 0xe8
 52a:	f080      	tshftls	r0, r0, #2
 52c:	a101      	tmovs	r1, #1
 52e:	9000 9acf 	tjl	ad0 <GPIO_SetOutputEnable>
 532:	a088      	tmovs	r0, #136	; 0x88
 534:	f040      	tshftls	r0, r0, #1
 536:	a101      	tmovs	r1, #1
 538:	9000 9ab2 	tjl	aa0 <GPIO_SetGPIOEnable>
 53c:	a088      	tmovs	r0, #136	; 0x88
 53e:	f040      	tshftls	r0, r0, #1
 540:	9000 9b04 	tjl	b4c <GPIO_ResetBit>
 544:	a088      	tmovs	r0, #136	; 0x88
 546:	f040      	tshftls	r0, r0, #1
 548:	a101      	tmovs	r1, #1
 54a:	9000 9ac1 	tjl	ad0 <GPIO_SetOutputEnable>
 54e:	a0c1      	tmovs	r0, #193	; 0xc1
 550:	f080      	tshftls	r0, r0, #2
 552:	a101      	tmovs	r1, #1
 554:	9000 9aa4 	tjl	aa0 <GPIO_SetGPIOEnable>
 558:	a0c1      	tmovs	r0, #193	; 0xc1
 55a:	f080      	tshftls	r0, r0, #2
 55c:	a101      	tmovs	r1, #1
 55e:	9000 9acf 	tjl	b00 <GPIO_SetInputEnable>
 562:	a0c1      	tmovs	r0, #193	; 0xc1
 564:	f080      	tshftls	r0, r0, #2
 566:	a101      	tmovs	r1, #1
 568:	9000 9b08 	tjl	b7c <GPIO_PullSet>
 56c:	a0c1      	tmovs	r0, #193	; 0xc1
 56e:	f080      	tshftls	r0, r0, #2
 570:	a101      	tmovs	r1, #1
 572:	9000 9b67 	tjl	c44 <GPIO_SetInterrupt>
 576:	a080      	tmovs	r0, #128	; 0x80
 578:	f2c0      	tshftls	r0, r0, #11
 57a:	9000 9ba1 	tjl	cc0 <IRQ_EnableType>
 57e:	97ff 9efb 	tjl	378 <Interface_Init>
 582:	9000 9881 	tjl	688 <Test_Init>
 586:	9000 9b85 	tjl	c94 <IRQ_Enable>
 58a:	a088      	tmovs	r0, #136	; 0x88
 58c:	f040      	tshftls	r0, r0, #1
 58e:	a103      	tmovs	r1, #3
 590:	9000 9860 	tjl	654 <Blink_LED>
 594:	0c0a      	tloadr	r4, [pc, #40]	; (5c0 <main+0xe8>)
 596:	0d0b      	tloadr	r5, [pc, #44]	; (5c4 <main+0xec>)
 598:	a600      	tmovs	r6, #0
 59a:	8002      	tj.n	5a2 <main+0xca>
 59c:	482b      	tloadrb	r3, [r5, #0]
 59e:	ab00      	tcmp	r3, #0
 5a0:	c108      	tjne.n	5b4 <main+0xdc>
 5a2:	4823      	tloadrb	r3, [r4, #0]
 5a4:	ab00      	tcmp	r3, #0
 5a6:	c0f9      	tjeq.n	59c <main+0xc4>
 5a8:	4026      	tstorerb	r6, [r4, #0]
 5aa:	9000 988b 	tjl	6c4 <Test_SendData>
 5ae:	482b      	tloadrb	r3, [r5, #0]
 5b0:	ab00      	tcmp	r3, #0
 5b2:	c0f6      	tjeq.n	5a2 <main+0xca>
 5b4:	402e      	tstorerb	r6, [r5, #0]
 5b6:	9000 989b 	tjl	6f0 <Test_ProcessData>
 5ba:	87f2      	tj.n	5a2 <main+0xca>
 5bc:	00000bb8 	undefined instruction 0x00000bb8
 5c0:	00808d25 	taddeq	r8, r0, r5, lsr #26
 5c4:	00808d24 	taddeq	r8, r0, r4, lsr #26

000005c8 <Test_RxPacketHandler>:
Test_RxPacketHandler():
 5c8:	6500      	tpush	{lr}
 5ca:	ec81      	tadds	r1, r0, #2
 5cc:	4842      	tloadrb	r2, [r0, #1]
 5ce:	0802      	tloadr	r0, [pc, #8]	; (5d8 <Test_RxPacketHandler+0x10>)
 5d0:	9000 9a48 	tjl	a64 <LogMsg>
 5d4:	a000      	tmovs	r0, #0
 5d6:	6d00      	tpop	{pc}
 5d8:	00000f70 	tandeq	r0, r0, r0, ror pc

000005dc <Test_TxPacketDoneHandler>:
Test_TxPacketDoneHandler():
 5dc:	6500      	tpush	{lr}
 5de:	0803      	tloadr	r0, [pc, #12]	; (5ec <Test_TxPacketDoneHandler+0x10>)
 5e0:	a100      	tmovs	r1, #0
 5e2:	a200      	tmovs	r2, #0
 5e4:	9000 9a3e 	tjl	a64 <LogMsg>
 5e8:	a000      	tmovs	r0, #0
 5ea:	6d00      	tpop	{pc}
 5ec:	00000f78 	tandeq	r0, r0, r8, ror pc

000005f0 <Test_SetPowerDoneHandler>:
Test_SetPowerDoneHandler():
 5f0:	6500      	tpush	{lr}
 5f2:	0803      	tloadr	r0, [pc, #12]	; (600 <Test_SetPowerDoneHandler+0x10>)
 5f4:	a100      	tmovs	r1, #0
 5f6:	a200      	tmovs	r2, #0
 5f8:	9000 9a34 	tjl	a64 <LogMsg>
 5fc:	a000      	tmovs	r0, #0
 5fe:	6d00      	tpop	{pc}
 600:	00000f88 	tandeq	r0, r0, r8, lsl #31

00000604 <Test_SetChannelDoneHandler>:
Test_SetChannelDoneHandler():
 604:	6500      	tpush	{lr}
 606:	0803      	tloadr	r0, [pc, #12]	; (614 <Test_SetChannelDoneHandler+0x10>)
 608:	a100      	tmovs	r1, #0
 60a:	a200      	tmovs	r2, #0
 60c:	9000 9a2a 	tjl	a64 <LogMsg>
 610:	a000      	tmovs	r0, #0
 612:	6d00      	tpop	{pc}
 614:	00000f98 	tmuleq	r0, r8, pc

00000618 <Test_SetPanIDDoneHandler>:
Test_SetPanIDDoneHandler():
 618:	6500      	tpush	{lr}
 61a:	0803      	tloadr	r0, [pc, #12]	; (628 <Test_SetPanIDDoneHandler+0x10>)
 61c:	a100      	tmovs	r1, #0
 61e:	a200      	tmovs	r2, #0
 620:	9000 9a20 	tjl	a64 <LogMsg>
 624:	a000      	tmovs	r0, #0
 626:	6d00      	tpop	{pc}
 628:	00000fa8 	tandeq	r0, r0, r8, lsr #31

0000062c <Test_SetMacDoneHandler>:
Test_SetMacDoneHandler():
 62c:	6500      	tpush	{lr}
 62e:	0803      	tloadr	r0, [pc, #12]	; (63c <Test_SetMacDoneHandler+0x10>)
 630:	a100      	tmovs	r1, #0
 632:	a200      	tmovs	r2, #0
 634:	9000 9a16 	tjl	a64 <LogMsg>
 638:	a000      	tmovs	r0, #0
 63a:	6d00      	tpop	{pc}
 63c:	00000fb8 	undefined instruction 0x00000fb8

00000640 <Test_ReadRssiDoneHandler>:
Test_ReadRssiDoneHandler():
 640:	6500      	tpush	{lr}
 642:	ec81      	tadds	r1, r0, #2
 644:	0802      	tloadr	r0, [pc, #8]	; (650 <Test_ReadRssiDoneHandler+0x10>)
 646:	a201      	tmovs	r2, #1
 648:	9000 9a0c 	tjl	a64 <LogMsg>
 64c:	a000      	tmovs	r0, #0
 64e:	6d00      	tpop	{pc}
 650:	00000fc4 	tandeq	r0, r0, r4, asr #31

00000654 <Blink_LED>:
Blink_LED():
 654:	6530      	tpush	{r4, r5, lr}
 656:	f405      	tshftls	r5, r0, #16
 658:	fc2d      	tshftrs	r5, r5, #16
 65a:	f60c      	tshftls	r4, r1, #24
 65c:	fe24      	tshftrs	r4, r4, #24
 65e:	ac00      	tcmp	r4, #0
 660:	c010      	tjeq.n	684 <Blink_LED+0x30>
 662:	ec28      	tadds	r0, r5, #0
 664:	9000 9a64 	tjl	b30 <GPIO_SetBit>
 668:	a00a      	tmovs	r0, #10
 66a:	9000 9947 	tjl	8fc <WaitMs>
 66e:	ec28      	tadds	r0, r5, #0
 670:	9000 9a6c 	tjl	b4c <GPIO_ResetBit>
 674:	a028      	tmovs	r0, #40	; 0x28
 676:	9000 9941 	tjl	8fc <WaitMs>
 67a:	bc01      	tsubs	r4, #1
 67c:	f624      	tshftls	r4, r4, #24
 67e:	fe24      	tshftrs	r4, r4, #24
 680:	ac00      	tcmp	r4, #0
 682:	c1ee      	tjne.n	662 <Blink_LED+0xe>
 684:	6d30      	tpop	{r4, r5, pc}
 686:	46c0      	tnop			; (mov r8, r8)

00000688 <Test_Init>:
Test_Init():
 688:	6500      	tpush	{lr}
 68a:	6083      	tsub	sp, #12
 68c:	0b06      	tloadr	r3, [pc, #24]	; (6a8 <Test_Init+0x20>)
 68e:	3300      	tstorer	r3, [sp, #0]
 690:	0b06      	tloadr	r3, [pc, #24]	; (6ac <Test_Init+0x24>)
 692:	3301      	tstorer	r3, [sp, #4]
 694:	0b06      	tloadr	r3, [pc, #24]	; (6b0 <Test_Init+0x28>)
 696:	3302      	tstorer	r3, [sp, #8]
 698:	0806      	tloadr	r0, [pc, #24]	; (6b4 <Test_Init+0x2c>)
 69a:	0907      	tloadr	r1, [pc, #28]	; (6b8 <Test_Init+0x30>)
 69c:	0a07      	tloadr	r2, [pc, #28]	; (6bc <Test_Init+0x34>)
 69e:	0b08      	tloadr	r3, [pc, #32]	; (6c0 <Test_Init+0x38>)
 6a0:	97ff 9db8 	tjl	214 <Gateway_SetHandlers>
 6a4:	6003      	tadd	sp, #12
 6a6:	6d00      	tpop	{pc}
 6a8:	000005f1 	undefined instruction 0x000005f1
 6ac:	000005dd 	undefined instruction 0x000005dd
 6b0:	000005c9 	tandeq	r0, r0, r9, asr #11
 6b4:	00000641 	tandeq	r0, r0, r1, asr #12
 6b8:	0000062d 	tandeq	r0, r0, sp, lsr #12
 6bc:	00000619 	tandeq	r0, r0, r9, lsl r6
 6c0:	00000605 	tandeq	r0, r0, r5, lsl #12

000006c4 <Test_SendData>:
Test_SendData():
 6c4:	6510      	tpush	{r4, lr}
 6c6:	0c08      	tloadr	r4, [pc, #32]	; (6e8 <Test_SendData+0x24>)
 6c8:	5823      	tloadr	r3, [r4, #0]
 6ca:	b301      	tadds	r3, #1
 6cc:	5023      	tstorer	r3, [r4, #0]
 6ce:	a0c8      	tmovs	r0, #200	; 0xc8
 6d0:	f080      	tshftls	r0, r0, #2
 6d2:	a101      	tmovs	r1, #1
 6d4:	97ff 9fbe 	tjl	654 <Blink_LED>
 6d8:	a001      	tmovs	r0, #1
 6da:	0904      	tloadr	r1, [pc, #16]	; (6ec <Test_SendData+0x28>)
 6dc:	ec22      	tadds	r2, r4, #0
 6de:	a304      	tmovs	r3, #4
 6e0:	97ff 9d76 	tjl	1d0 <Gateway_TxPacket>
 6e4:	6d10      	tpop	{r4, pc}
 6e6:	46c0      	tnop			; (mov r8, r8)
 6e8:	00808d28 	taddeq	r8, r0, r8, lsr #26
 6ec:	0000aabb 	undefined instruction 0x0000aabb

000006f0 <Test_ProcessData>:
Test_ProcessData():
 6f0:	6500      	tpush	{lr}
 6f2:	a0e0      	tmovs	r0, #224	; 0xe0
 6f4:	f080      	tshftls	r0, r0, #2
 6f6:	a101      	tmovs	r1, #1
 6f8:	97ff 9fac 	tjl	654 <Blink_LED>
 6fc:	97ff 9dac 	tjl	258 <Gateway_IrqHandler>
 700:	6d00      	tpop	{pc}
 702:	46c0      	tnop			; (mov r8, r8)

00000704 <SendStatusToUsb>:
SendStatusToUsb():
 704:	6510      	tpush	{r4, lr}
 706:	f60a      	tshftls	r2, r1, #24
 708:	fe12      	tshftrs	r2, r2, #24
 70a:	0b0e      	tloadr	r3, [pc, #56]	; (744 <SendStatusToUsb+0x40>)
 70c:	401a      	tstorerb	r2, [r3, #0]
 70e:	ec04      	tadds	r4, r0, #0
 710:	b43a      	tadds	r4, #58	; 0x3a
 712:	ec1a      	tadds	r2, r3, #0
 714:	a900      	tcmp	r1, #0
 716:	c00f      	tjeq.n	738 <SendStatusToUsb+0x34>
 718:	a900      	tcmp	r1, #0
 71a:	cd05      	tjle.n	728 <SendStatusToUsb+0x24>
 71c:	e841      	tadds	r1, r0, r1
 71e:	4803      	tloadrb	r3, [r0, #0]
 720:	4013      	tstorerb	r3, [r2, #0]
 722:	b001      	tadds	r0, #1
 724:	0288      	tcmp	r0, r1
 726:	c1fa      	tjne.n	71e <SendStatusToUsb+0x1a>
 728:	a280      	tmovs	r2, #128	; 0x80
 72a:	0b07      	tloadr	r3, [pc, #28]	; (748 <SendStatusToUsb+0x44>)
 72c:	401a      	tstorerb	r2, [r3, #0]
 72e:	6d10      	tpop	{r4, pc}
 730:	4013      	tstorerb	r3, [r2, #0]
 732:	02a0      	tcmp	r0, r4
 734:	c0f8      	tjeq.n	728 <SendStatusToUsb+0x24>
 736:	b001      	tadds	r0, #1
 738:	4803      	tloadrb	r3, [r0, #0]
 73a:	ab00      	tcmp	r3, #0
 73c:	c1f8      	tjne.n	730 <SendStatusToUsb+0x2c>
 73e:	0a01      	tloadr	r2, [pc, #4]	; (744 <SendStatusToUsb+0x40>)
 740:	4013      	tstorerb	r3, [r2, #0]
 742:	87f1      	tj.n	728 <SendStatusToUsb+0x24>
 744:	00800118 	taddeq	r0, r0, r8, lsl r1
 748:	00800120 	taddeq	r0, r0, r0, lsr #2

0000074c <SysInit>:
SysInit():
 74c:	a800      	tcmp	r0, #0
 74e:	c011      	tjeq.n	774 <SysInit+0x28>
 750:	4802      	tloadrb	r2, [r0, #0]
 752:	0b32      	tloadr	r3, [pc, #200]	; (81c <SysInit+0xd0>)
 754:	401a      	tstorerb	r2, [r3, #0]
 756:	4842      	tloadrb	r2, [r0, #1]
 758:	b301      	tadds	r3, #1
 75a:	401a      	tstorerb	r2, [r3, #0]
 75c:	4882      	tloadrb	r2, [r0, #2]
 75e:	b301      	tadds	r3, #1
 760:	401a      	tstorerb	r2, [r3, #0]
 762:	48c2      	tloadrb	r2, [r0, #3]
 764:	b301      	tadds	r3, #1
 766:	401a      	tstorerb	r2, [r3, #0]
 768:	4902      	tloadrb	r2, [r0, #4]
 76a:	b301      	tadds	r3, #1
 76c:	401a      	tstorerb	r2, [r3, #0]
 76e:	4942      	tloadrb	r2, [r0, #5]
 770:	b301      	tadds	r3, #1
 772:	401a      	tstorerb	r2, [r3, #0]
 774:	0a2a      	tloadr	r2, [pc, #168]	; (820 <SysInit+0xd4>)
 776:	4813      	tloadrb	r3, [r2, #0]
 778:	a17f      	tmovs	r1, #127	; 0x7f
 77a:	000b      	tands	r3, r1
 77c:	4013      	tstorerb	r3, [r2, #0]
 77e:	0b29      	tloadr	r3, [pc, #164]	; (824 <SysInit+0xd8>)
 780:	4818      	tloadrb	r0, [r3, #0]
 782:	a180      	tmovs	r1, #128	; 0x80
 784:	0249      	tnegs	r1, r1
 786:	0301      	tors	r1, r0
 788:	f609      	tshftls	r1, r1, #24
 78a:	fe09      	tshftrs	r1, r1, #24
 78c:	4019      	tstorerb	r1, [r3, #0]
 78e:	4811      	tloadrb	r1, [r2, #0]
 790:	a002      	tmovs	r0, #2
 792:	0381      	tbclrs	r1, r0
 794:	4011      	tstorerb	r1, [r2, #0]
 796:	4819      	tloadrb	r1, [r3, #0]
 798:	a202      	tmovs	r2, #2
 79a:	030a      	tors	r2, r1
 79c:	f612      	tshftls	r2, r2, #24
 79e:	fe12      	tshftrs	r2, r2, #24
 7a0:	401a      	tstorerb	r2, [r3, #0]
 7a2:	bb04      	tsubs	r3, #4
 7a4:	481a      	tloadrb	r2, [r3, #0]
 7a6:	a104      	tmovs	r1, #4
 7a8:	038a      	tbclrs	r2, r1
 7aa:	401a      	tstorerb	r2, [r3, #0]
 7ac:	b303      	tadds	r3, #3
 7ae:	4819      	tloadrb	r1, [r3, #0]
 7b0:	a20c      	tmovs	r2, #12
 7b2:	030a      	tors	r2, r1
 7b4:	f612      	tshftls	r2, r2, #24
 7b6:	fe12      	tshftrs	r2, r2, #24
 7b8:	401a      	tstorerb	r2, [r3, #0]
 7ba:	a288      	tmovs	r2, #136	; 0x88
 7bc:	b355      	tadds	r3, #85	; 0x55
 7be:	401a      	tstorerb	r2, [r3, #0]
 7c0:	a20f      	tmovs	r2, #15
 7c2:	b301      	tadds	r3, #1
 7c4:	401a      	tstorerb	r2, [r3, #0]
 7c6:	0818      	tloadr	r0, [pc, #96]	; (828 <SysInit+0xdc>)
 7c8:	a360      	tmovs	r3, #96	; 0x60
 7ca:	4003      	tstorerb	r3, [r0, #0]
 7cc:	a201      	tmovs	r2, #1
 7ce:	0916      	tloadr	r1, [pc, #88]	; (828 <SysInit+0xdc>)
 7d0:	4803      	tloadrb	r3, [r0, #0]
 7d2:	0013      	tands	r3, r2
 7d4:	c1fb      	tjne.n	7ce <SysInit+0x82>
 7d6:	400b      	tstorerb	r3, [r1, #0]
 7d8:	a205      	tmovs	r2, #5
 7da:	0b14      	tloadr	r3, [pc, #80]	; (82c <SysInit+0xe0>)
 7dc:	401a      	tstorerb	r2, [r3, #0]
 7de:	a360      	tmovs	r3, #96	; 0x60
 7e0:	0a13      	tloadr	r2, [pc, #76]	; (830 <SysInit+0xe4>)
 7e2:	4013      	tstorerb	r3, [r2, #0]
 7e4:	400b      	tstorerb	r3, [r1, #0]
 7e6:	a201      	tmovs	r2, #1
 7e8:	480b      	tloadrb	r3, [r1, #0]
 7ea:	0013      	tands	r3, r2
 7ec:	c1fc      	tjne.n	7e8 <SysInit+0x9c>
 7ee:	0a0e      	tloadr	r2, [pc, #56]	; (828 <SysInit+0xdc>)
 7f0:	4013      	tstorerb	r3, [r2, #0]
 7f2:	ba59      	tsubs	r2, #89	; 0x59
 7f4:	4811      	tloadrb	r1, [r2, #0]
 7f6:	a001      	tmovs	r0, #1
 7f8:	0381      	tbclrs	r1, r0
 7fa:	4011      	tstorerb	r1, [r2, #0]
 7fc:	b203      	tadds	r2, #3
 7fe:	4810      	tloadrb	r0, [r2, #0]
 800:	a101      	tmovs	r1, #1
 802:	0301      	tors	r1, r0
 804:	f609      	tshftls	r1, r1, #24
 806:	fe09      	tshftrs	r1, r1, #24
 808:	4011      	tstorerb	r1, [r2, #0]
 80a:	b20f      	tadds	r2, #15
 80c:	4811      	tloadrb	r1, [r2, #0]
 80e:	a00f      	tmovs	r0, #15
 810:	0001      	tands	r1, r0
 812:	4011      	tstorerb	r1, [r2, #0]
 814:	0a07      	tloadr	r2, [pc, #28]	; (834 <SysInit+0xe8>)
 816:	4013      	tstorerb	r3, [r2, #0]
 818:	0770      	tjex	lr
 81a:	46c0      	tnop			; (mov r8, r8)
 81c:	00800060 	taddeq	r0, r0, r0, rrx
 820:	00800061 	taddeq	r0, r0, r1, rrx
 824:	00800064 	taddeq	r0, r0, r4, rrx
 828:	008000ba 	tstorerheq	r0, [r0], sl
 82c:	008000b8 	tstorerheq	r0, [r0], r8
 830:	008000b9 	tstorerheq	r0, [r0], r9
 834:	00800521 	taddeq	r0, r0, r1, lsr #10

00000838 <SysClockInit>:
SysClockInit():
 838:	6500      	tpush	{lr}
 83a:	f600      	tshftls	r0, r0, #24
 83c:	fe00      	tshftrs	r0, r0, #24
 83e:	f609      	tshftls	r1, r1, #24
 840:	fe09      	tshftrs	r1, r1, #24
 842:	a801      	tcmp	r0, #1
 844:	c00a      	tjeq.n	85c <SysClockInit+0x24>
 846:	a800      	tcmp	r0, #0
 848:	c104      	tjne.n	854 <SysClockInit+0x1c>
 84a:	0b0c      	tloadr	r3, [pc, #48]	; (87c <SysClockInit+0x44>)
 84c:	4018      	tstorerb	r0, [r3, #0]
 84e:	a220      	tmovs	r2, #32
 850:	0b0b      	tloadr	r3, [pc, #44]	; (880 <SysClockInit+0x48>)
 852:	501a      	tstorer	r2, [r3, #0]
 854:	a201      	tmovs	r2, #1
 856:	0b0b      	tloadr	r3, [pc, #44]	; (884 <SysClockInit+0x4c>)
 858:	401a      	tstorerb	r2, [r3, #0]
 85a:	6d00      	tpop	{pc}
 85c:	a200      	tmovs	r2, #0
 85e:	0b0a      	tloadr	r3, [pc, #40]	; (888 <SysClockInit+0x50>)
 860:	401a      	tstorerb	r2, [r3, #0]
 862:	a220      	tmovs	r2, #32
 864:	030a      	tors	r2, r1
 866:	f612      	tshftls	r2, r2, #24
 868:	fe12      	tshftrs	r2, r2, #24
 86a:	bb0a      	tsubs	r3, #10
 86c:	401a      	tstorerb	r2, [r3, #0]
 86e:	a0c0      	tmovs	r0, #192	; 0xc0
 870:	97ff 9c88 	tjl	184 <__divsi3>
 874:	0b02      	tloadr	r3, [pc, #8]	; (880 <SysClockInit+0x48>)
 876:	5018      	tstorer	r0, [r3, #0]
 878:	87ec      	tj.n	854 <SysClockInit+0x1c>
 87a:	46c0      	tnop			; (mov r8, r8)
 87c:	00800066 	taddeq	r0, r0, r6, rrx
 880:	00808d30 	taddeq	r8, r0, r0, lsr sp
 884:	0080074f 	taddeq	r0, r0, pc, asr #14
 888:	00800070 	taddeq	r0, r0, r0, ror r0

0000088c <ReadAnalogReg>:
ReadAnalogReg():
 88c:	f600      	tshftls	r0, r0, #24
 88e:	fe00      	tshftrs	r0, r0, #24
 890:	0b05      	tloadr	r3, [pc, #20]	; (8a8 <ReadAnalogReg+0x1c>)
 892:	4018      	tstorerb	r0, [r3, #0]
 894:	0905      	tloadr	r1, [pc, #20]	; (8ac <ReadAnalogReg+0x20>)
 896:	a340      	tmovs	r3, #64	; 0x40
 898:	400b      	tstorerb	r3, [r1, #0]
 89a:	a201      	tmovs	r2, #1
 89c:	480b      	tloadrb	r3, [r1, #0]
 89e:	021a      	tnand	r2, r3
 8a0:	c1fc      	tjne.n	89c <ReadAnalogReg+0x10>
 8a2:	0b03      	tloadr	r3, [pc, #12]	; (8b0 <ReadAnalogReg+0x24>)
 8a4:	4818      	tloadrb	r0, [r3, #0]
 8a6:	0770      	tjex	lr
 8a8:	008000b8 	tstorerheq	r0, [r0], r8
 8ac:	008000ba 	tstorerheq	r0, [r0], sl
 8b0:	008000b9 	tstorerheq	r0, [r0], r9

000008b4 <WriteAnalogReg>:
WriteAnalogReg():
 8b4:	f600      	tshftls	r0, r0, #24
 8b6:	fe00      	tshftrs	r0, r0, #24
 8b8:	f609      	tshftls	r1, r1, #24
 8ba:	fe09      	tshftrs	r1, r1, #24
 8bc:	0b06      	tloadr	r3, [pc, #24]	; (8d8 <WriteAnalogReg+0x24>)
 8be:	4018      	tstorerb	r0, [r3, #0]
 8c0:	b301      	tadds	r3, #1
 8c2:	4019      	tstorerb	r1, [r3, #0]
 8c4:	0905      	tloadr	r1, [pc, #20]	; (8dc <WriteAnalogReg+0x28>)
 8c6:	a360      	tmovs	r3, #96	; 0x60
 8c8:	400b      	tstorerb	r3, [r1, #0]
 8ca:	a201      	tmovs	r2, #1
 8cc:	480b      	tloadrb	r3, [r1, #0]
 8ce:	0013      	tands	r3, r2
 8d0:	c1fc      	tjne.n	8cc <WriteAnalogReg+0x18>
 8d2:	0a02      	tloadr	r2, [pc, #8]	; (8dc <WriteAnalogReg+0x28>)
 8d4:	4013      	tstorerb	r3, [r2, #0]
 8d6:	0770      	tjex	lr
 8d8:	008000b8 	tstorerheq	r0, [r0], r8
 8dc:	008000ba 	tstorerheq	r0, [r0], sl

000008e0 <WaitUs>:
WaitUs():
 8e0:	0a04      	tloadr	r2, [pc, #16]	; (8f4 <WaitUs+0x14>)
 8e2:	5811      	tloadr	r1, [r2, #0]
 8e4:	0b04      	tloadr	r3, [pc, #16]	; (8f8 <WaitUs+0x18>)
 8e6:	581b      	tloadr	r3, [r3, #0]
 8e8:	0358      	tmuls	r0, r3
 8ea:	5813      	tloadr	r3, [r2, #0]
 8ec:	ea5b      	tsubs	r3, r3, r1
 8ee:	0283      	tcmp	r3, r0
 8f0:	c9fb      	tjls.n	8ea <WaitUs+0xa>
 8f2:	0770      	tjex	lr
 8f4:	00800740 	taddeq	r0, r0, r0, asr #14
 8f8:	00808d30 	taddeq	r8, r0, r0, lsr sp

000008fc <WaitMs>:
WaitMs():
 8fc:	6510      	tpush	{r4, lr}
 8fe:	a800      	tcmp	r0, #0
 900:	c00f      	tjeq.n	922 <WaitMs+0x26>
 902:	0b08      	tloadr	r3, [pc, #32]	; (924 <WaitMs+0x28>)
 904:	581b      	tloadr	r3, [r3, #0]
 906:	f15c      	tshftls	r4, r3, #5
 908:	eae4      	tsubs	r4, r4, r3
 90a:	f0a4      	tshftls	r4, r4, #2
 90c:	e8e3      	tadds	r3, r4, r3
 90e:	f0dc      	tshftls	r4, r3, #3
 910:	0a05      	tloadr	r2, [pc, #20]	; (928 <WaitMs+0x2c>)
 912:	5811      	tloadr	r1, [r2, #0]
 914:	5813      	tloadr	r3, [r2, #0]
 916:	ea5b      	tsubs	r3, r3, r1
 918:	029c      	tcmp	r4, r3
 91a:	c2fb      	tjcs.n	914 <WaitMs+0x18>
 91c:	b801      	tsubs	r0, #1
 91e:	a800      	tcmp	r0, #0
 920:	c1f7      	tjne.n	912 <WaitMs+0x16>
 922:	6d10      	tpop	{r4, pc}
 924:	00808d30 	taddeq	r8, r0, r0, lsr sp
 928:	00800740 	taddeq	r0, r0, r0, asr #14

0000092c <LoadTblCmdSet>:
LoadTblCmdSet():
 92c:	65f0      	tpush	{r4, r5, r6, r7, lr}
 92e:	065f      	tmov	r7, fp
 930:	0656      	tmov	r6, sl
 932:	064d      	tmov	r5, r9
 934:	0644      	tmov	r4, r8
 936:	64f0      	tpush	{r4, r5, r6, r7}
 938:	a900      	tcmp	r1, #0
 93a:	cd2d      	tjle.n	998 <LoadTblCmdSet+0x6c>
 93c:	ec03      	tadds	r3, r0, #0
 93e:	a200      	tmovs	r2, #0
 940:	a080      	tmovs	r0, #128	; 0x80
 942:	f404      	tshftls	r4, r0, #16
 944:	06a0      	tmov	r8, r4
 946:	a03f      	tmovs	r0, #63	; 0x3f
 948:	0681      	tmov	r9, r0
 94a:	0c28      	tloadr	r4, [pc, #160]	; (9ec <LoadTblCmdSet+0xc0>)
 94c:	06a4      	tmov	ip, r4
 94e:	0828      	tloadr	r0, [pc, #160]	; (9f0 <LoadTblCmdSet+0xc4>)
 950:	0683      	tmov	fp, r0
 952:	0f28      	tloadr	r7, [pc, #160]	; (9f4 <LoadTblCmdSet+0xc8>)
 954:	0646      	tmov	r6, r8
 956:	8007      	tj.n	968 <LoadTblCmdSet+0x3c>
 958:	ac08      	tcmp	r4, #8
 95a:	c024      	tjeq.n	9a6 <LoadTblCmdSet+0x7a>
 95c:	ac07      	tcmp	r4, #7
 95e:	c033      	tjeq.n	9c8 <LoadTblCmdSet+0x9c>
 960:	b201      	tadds	r2, #1
 962:	b304      	tadds	r3, #4
 964:	028a      	tcmp	r2, r1
 966:	c017      	tjeq.n	998 <LoadTblCmdSet+0x6c>
 968:	481c      	tloadrb	r4, [r3, #0]
 96a:	485d      	tloadrb	r5, [r3, #1]
 96c:	f22d      	tshftls	r5, r5, #8
 96e:	0325      	tors	r5, r4
 970:	489c      	tloadrb	r4, [r3, #2]
 972:	06a0      	tmov	r8, r4
 974:	48dc      	tloadrb	r4, [r3, #3]
 976:	a040      	tmovs	r0, #64	; 0x40
 978:	0220      	tnand	r0, r4
 97a:	c0f1      	tjeq.n	960 <LoadTblCmdSet+0x34>
 97c:	ec30      	tadds	r0, r6, #0
 97e:	0328      	tors	r0, r5
 980:	0682      	tmov	sl, r0
 982:	0648      	tmov	r0, r9
 984:	0004      	tands	r4, r0
 986:	ac03      	tcmp	r4, #3
 988:	c1e6      	tjne.n	958 <LoadTblCmdSet+0x2c>
 98a:	0640      	tmov	r0, r8
 98c:	0654      	tmov	r4, sl
 98e:	4020      	tstorerb	r0, [r4, #0]
 990:	b201      	tadds	r2, #1
 992:	b304      	tadds	r3, #4
 994:	028a      	tcmp	r2, r1
 996:	c1e7      	tjne.n	968 <LoadTblCmdSet+0x3c>
 998:	ec08      	tadds	r0, r1, #0
 99a:	6c3c      	tpop	{r2, r3, r4, r5}
 99c:	0690      	tmov	r8, r2
 99e:	0699      	tmov	r9, r3
 9a0:	06a2      	tmov	sl, r4
 9a2:	06ab      	tmov	fp, r5
 9a4:	6df0      	tpop	{r4, r5, r6, r7, pc}
 9a6:	0650      	tmov	r0, sl
 9a8:	f604      	tshftls	r4, r0, #24
 9aa:	fe24      	tshftrs	r4, r4, #24
 9ac:	0812      	tloadr	r0, [pc, #72]	; (9f8 <LoadTblCmdSet+0xcc>)
 9ae:	4004      	tstorerb	r4, [r0, #0]
 9b0:	0640      	tmov	r0, r8
 9b2:	0c12      	tloadr	r4, [pc, #72]	; (9fc <LoadTblCmdSet+0xd0>)
 9b4:	4020      	tstorerb	r0, [r4, #0]
 9b6:	a460      	tmovs	r4, #96	; 0x60
 9b8:	403c      	tstorerb	r4, [r7, #0]
 9ba:	a501      	tmovs	r5, #1
 9bc:	483c      	tloadrb	r4, [r7, #0]
 9be:	002c      	tands	r4, r5
 9c0:	c1fc      	tjne.n	9bc <LoadTblCmdSet+0x90>
 9c2:	0d0c      	tloadr	r5, [pc, #48]	; (9f4 <LoadTblCmdSet+0xc8>)
 9c4:	402c      	tstorerb	r4, [r5, #0]
 9c6:	87cb      	tj.n	960 <LoadTblCmdSet+0x34>
 9c8:	0664      	tmov	r4, ip
 9ca:	5824      	tloadr	r4, [r4, #0]
 9cc:	06a2      	tmov	sl, r4
 9ce:	0658      	tmov	r0, fp
 9d0:	5804      	tloadr	r4, [r0, #0]
 9d2:	f22d      	tshftls	r5, r5, #8
 9d4:	0445      	tadd	r5, r8
 9d6:	0365      	tmuls	r5, r4
 9d8:	0698      	tmov	r8, r3
 9da:	ec2b      	tadds	r3, r5, #0
 9dc:	0655      	tmov	r5, sl
 9de:	0660      	tmov	r0, ip
 9e0:	5804      	tloadr	r4, [r0, #0]
 9e2:	eb64      	tsubs	r4, r4, r5
 9e4:	029c      	tcmp	r4, r3
 9e6:	c9fa      	tjls.n	9de <LoadTblCmdSet+0xb2>
 9e8:	0643      	tmov	r3, r8
 9ea:	87b9      	tj.n	960 <LoadTblCmdSet+0x34>
 9ec:	00800740 	taddeq	r0, r0, r0, asr #14
 9f0:	00808d30 	taddeq	r8, r0, r0, lsr sp
 9f4:	008000ba 	tstorerheq	r0, [r0], sl
 9f8:	008000b8 	tstorerheq	r0, [r0], r8
 9fc:	008000b9 	tstorerheq	r0, [r0], r9

00000a00 <USB_DpPullUpEn>:
USB_DpPullUpEn():
 a00:	a208      	tmovs	r2, #8
 a02:	0b15      	tloadr	r3, [pc, #84]	; (a58 <USB_DpPullUpEn+0x58>)
 a04:	401a      	tstorerb	r2, [r3, #0]
 a06:	0915      	tloadr	r1, [pc, #84]	; (a5c <USB_DpPullUpEn+0x5c>)
 a08:	a340      	tmovs	r3, #64	; 0x40
 a0a:	400b      	tstorerb	r3, [r1, #0]
 a0c:	a201      	tmovs	r2, #1
 a0e:	480b      	tloadrb	r3, [r1, #0]
 a10:	021a      	tnand	r2, r3
 a12:	c1fc      	tjne.n	a0e <USB_DpPullUpEn+0xe>
 a14:	0b12      	tloadr	r3, [pc, #72]	; (a60 <USB_DpPullUpEn+0x60>)
 a16:	481b      	tloadrb	r3, [r3, #0]
 a18:	a800      	tcmp	r0, #0
 a1a:	c015      	tjeq.n	a48 <USB_DpPullUpEn+0x48>
 a1c:	a13f      	tmovs	r1, #63	; 0x3f
 a1e:	000b      	tands	r3, r1
 a20:	a180      	tmovs	r1, #128	; 0x80
 a22:	0249      	tnegs	r1, r1
 a24:	0319      	tors	r1, r3
 a26:	f60a      	tshftls	r2, r1, #24
 a28:	fe12      	tshftrs	r2, r2, #24
 a2a:	a108      	tmovs	r1, #8
 a2c:	0b0a      	tloadr	r3, [pc, #40]	; (a58 <USB_DpPullUpEn+0x58>)
 a2e:	4019      	tstorerb	r1, [r3, #0]
 a30:	b301      	tadds	r3, #1
 a32:	401a      	tstorerb	r2, [r3, #0]
 a34:	0909      	tloadr	r1, [pc, #36]	; (a5c <USB_DpPullUpEn+0x5c>)
 a36:	a360      	tmovs	r3, #96	; 0x60
 a38:	400b      	tstorerb	r3, [r1, #0]
 a3a:	a201      	tmovs	r2, #1
 a3c:	480b      	tloadrb	r3, [r1, #0]
 a3e:	0013      	tands	r3, r2
 a40:	c1fc      	tjne.n	a3c <USB_DpPullUpEn+0x3c>
 a42:	0a06      	tloadr	r2, [pc, #24]	; (a5c <USB_DpPullUpEn+0x5c>)
 a44:	4013      	tstorerb	r3, [r2, #0]
 a46:	0770      	tjex	lr
 a48:	a23f      	tmovs	r2, #63	; 0x3f
 a4a:	0013      	tands	r3, r2
 a4c:	a140      	tmovs	r1, #64	; 0x40
 a4e:	030b      	tors	r3, r1
 a50:	f61a      	tshftls	r2, r3, #24
 a52:	fe12      	tshftrs	r2, r2, #24
 a54:	87e9      	tj.n	a2a <USB_DpPullUpEn+0x2a>
 a56:	46c0      	tnop			; (mov r8, r8)
 a58:	008000b8 	tstorerheq	r0, [r0], r8
 a5c:	008000ba 	tstorerheq	r0, [r0], sl
 a60:	008000b9 	tstorerheq	r0, [r0], r9

00000a64 <LogMsg>:
LogMsg():
 a64:	6530      	tpush	{r4, r5, lr}
 a66:	ec0d      	tadds	r5, r1, #0
 a68:	ec14      	tadds	r4, r2, #0
 a6a:	a800      	tcmp	r0, #0
 a6c:	c002      	tjeq.n	a74 <LogMsg+0x10>
 a6e:	a100      	tmovs	r1, #0
 a70:	97ff 9e48 	tjl	704 <SendStatusToUsb>
 a74:	ac20      	tcmp	r4, #32
 a76:	cc02      	tjgt.n	a7e <LogMsg+0x1a>
 a78:	ac00      	tcmp	r4, #0
 a7a:	cc01      	tjgt.n	a80 <LogMsg+0x1c>
 a7c:	6d30      	tpop	{r4, r5, pc}
 a7e:	a420      	tmovs	r4, #32
 a80:	ec28      	tadds	r0, r5, #0
 a82:	ec21      	tadds	r1, r4, #0
 a84:	97ff 9e3e 	tjl	704 <SendStatusToUsb>
 a88:	87f8      	tj.n	a7c <LogMsg+0x18>
 a8a:	46c0      	tnop			; (mov r8, r8)

00000a8c <USB_LogInit>:
USB_LogInit():
 a8c:	a240      	tmovs	r2, #64	; 0x40
 a8e:	0b03      	tloadr	r3, [pc, #12]	; (a9c <USB_LogInit+0x10>)
 a90:	401a      	tstorerb	r2, [r3, #0]
 a92:	a209      	tmovs	r2, #9
 a94:	b301      	tadds	r3, #1
 a96:	401a      	tstorerb	r2, [r3, #0]
 a98:	0770      	tjex	lr
 a9a:	46c0      	tnop			; (mov r8, r8)
 a9c:	0080013c 	taddeq	r0, r0, ip, lsr r1

00000aa0 <GPIO_SetGPIOEnable>:
GPIO_SetGPIOEnable():
 aa0:	f400      	tshftls	r0, r0, #16
 aa2:	f609      	tshftls	r1, r1, #24
 aa4:	f203      	tshftls	r3, r0, #8
 aa6:	fe1b      	tshftrs	r3, r3, #24
 aa8:	a900      	tcmp	r1, #0
 aaa:	c107      	tjne.n	abc <GPIO_SetGPIOEnable+0x1c>
 aac:	fe00      	tshftrs	r0, r0, #24
 aae:	f0c0      	tshftls	r0, r0, #3
 ab0:	0a06      	tloadr	r2, [pc, #24]	; (acc <GPIO_SetGPIOEnable+0x2c>)
 ab2:	e880      	tadds	r0, r0, r2
 ab4:	4802      	tloadrb	r2, [r0, #0]
 ab6:	039a      	tbclrs	r2, r3
 ab8:	4002      	tstorerb	r2, [r0, #0]
 aba:	0770      	tjex	lr
 abc:	fe00      	tshftrs	r0, r0, #24
 abe:	f0c0      	tshftls	r0, r0, #3
 ac0:	0a02      	tloadr	r2, [pc, #8]	; (acc <GPIO_SetGPIOEnable+0x2c>)
 ac2:	e880      	tadds	r0, r0, r2
 ac4:	4802      	tloadrb	r2, [r0, #0]
 ac6:	0313      	tors	r3, r2
 ac8:	4003      	tstorerb	r3, [r0, #0]
 aca:	87f6      	tj.n	aba <GPIO_SetGPIOEnable+0x1a>
 acc:	00800586 	taddeq	r0, r0, r6, lsl #11

00000ad0 <GPIO_SetOutputEnable>:
GPIO_SetOutputEnable():
 ad0:	f400      	tshftls	r0, r0, #16
 ad2:	f609      	tshftls	r1, r1, #24
 ad4:	f203      	tshftls	r3, r0, #8
 ad6:	fe1b      	tshftrs	r3, r3, #24
 ad8:	a900      	tcmp	r1, #0
 ada:	c007      	tjeq.n	aec <GPIO_SetOutputEnable+0x1c>
 adc:	fe00      	tshftrs	r0, r0, #24
 ade:	f0c0      	tshftls	r0, r0, #3
 ae0:	0a06      	tloadr	r2, [pc, #24]	; (afc <GPIO_SetOutputEnable+0x2c>)
 ae2:	e880      	tadds	r0, r0, r2
 ae4:	4802      	tloadrb	r2, [r0, #0]
 ae6:	039a      	tbclrs	r2, r3
 ae8:	4002      	tstorerb	r2, [r0, #0]
 aea:	0770      	tjex	lr
 aec:	fe00      	tshftrs	r0, r0, #24
 aee:	f0c0      	tshftls	r0, r0, #3
 af0:	0a02      	tloadr	r2, [pc, #8]	; (afc <GPIO_SetOutputEnable+0x2c>)
 af2:	e880      	tadds	r0, r0, r2
 af4:	4802      	tloadrb	r2, [r0, #0]
 af6:	0313      	tors	r3, r2
 af8:	4003      	tstorerb	r3, [r0, #0]
 afa:	87f6      	tj.n	aea <GPIO_SetOutputEnable+0x1a>
 afc:	00800582 	taddeq	r0, r0, r2, lsl #11

00000b00 <GPIO_SetInputEnable>:
GPIO_SetInputEnable():
 b00:	f400      	tshftls	r0, r0, #16
 b02:	f609      	tshftls	r1, r1, #24
 b04:	f203      	tshftls	r3, r0, #8
 b06:	fe1b      	tshftrs	r3, r3, #24
 b08:	a900      	tcmp	r1, #0
 b0a:	c107      	tjne.n	b1c <GPIO_SetInputEnable+0x1c>
 b0c:	fe00      	tshftrs	r0, r0, #24
 b0e:	f0c0      	tshftls	r0, r0, #3
 b10:	0a06      	tloadr	r2, [pc, #24]	; (b2c <GPIO_SetInputEnable+0x2c>)
 b12:	e880      	tadds	r0, r0, r2
 b14:	4802      	tloadrb	r2, [r0, #0]
 b16:	039a      	tbclrs	r2, r3
 b18:	4002      	tstorerb	r2, [r0, #0]
 b1a:	0770      	tjex	lr
 b1c:	fe00      	tshftrs	r0, r0, #24
 b1e:	f0c0      	tshftls	r0, r0, #3
 b20:	0a02      	tloadr	r2, [pc, #8]	; (b2c <GPIO_SetInputEnable+0x2c>)
 b22:	e880      	tadds	r0, r0, r2
 b24:	4802      	tloadrb	r2, [r0, #0]
 b26:	0313      	tors	r3, r2
 b28:	4003      	tstorerb	r3, [r0, #0]
 b2a:	87f6      	tj.n	b1a <GPIO_SetInputEnable+0x1a>
 b2c:	00800581 	taddeq	r0, r0, r1, lsl #11

00000b30 <GPIO_SetBit>:
GPIO_SetBit():
 b30:	f400      	tshftls	r0, r0, #16
 b32:	fc03      	tshftrs	r3, r0, #16
 b34:	fe00      	tshftrs	r0, r0, #24
 b36:	f0c0      	tshftls	r0, r0, #3
 b38:	0a03      	tloadr	r2, [pc, #12]	; (b48 <GPIO_SetBit+0x18>)
 b3a:	e880      	tadds	r0, r0, r2
 b3c:	4802      	tloadrb	r2, [r0, #0]
 b3e:	0313      	tors	r3, r2
 b40:	f61b      	tshftls	r3, r3, #24
 b42:	fe1b      	tshftrs	r3, r3, #24
 b44:	4003      	tstorerb	r3, [r0, #0]
 b46:	0770      	tjex	lr
 b48:	00800583 	taddeq	r0, r0, r3, lsl #11

00000b4c <GPIO_ResetBit>:
GPIO_ResetBit():
 b4c:	f400      	tshftls	r0, r0, #16
 b4e:	fc02      	tshftrs	r2, r0, #16
 b50:	fe00      	tshftrs	r0, r0, #24
 b52:	f0c0      	tshftls	r0, r0, #3
 b54:	0b02      	tloadr	r3, [pc, #8]	; (b60 <GPIO_ResetBit+0x14>)
 b56:	e8c0      	tadds	r0, r0, r3
 b58:	4803      	tloadrb	r3, [r0, #0]
 b5a:	0393      	tbclrs	r3, r2
 b5c:	4003      	tstorerb	r3, [r0, #0]
 b5e:	0770      	tjex	lr
 b60:	00800583 	taddeq	r0, r0, r3, lsl #11

00000b64 <GPIO_ReadInputBit>:
GPIO_ReadInputBit():
 b64:	f403      	tshftls	r3, r0, #16
 b66:	fe1a      	tshftrs	r2, r3, #24
 b68:	f0d2      	tshftls	r2, r2, #3
 b6a:	0903      	tloadr	r1, [pc, #12]	; (b78 <GPIO_ReadInputBit+0x14>)
 b6c:	e852      	tadds	r2, r2, r1
 b6e:	4812      	tloadrb	r2, [r2, #0]
 b70:	fc18      	tshftrs	r0, r3, #16
 b72:	0010      	tands	r0, r2
 b74:	0770      	tjex	lr
 b76:	46c0      	tnop			; (mov r8, r8)
 b78:	00800580 	taddeq	r0, r0, r0, lsl #11

00000b7c <GPIO_PullSet>:
GPIO_PullSet():
 b7c:	65f0      	tpush	{r4, r5, r6, r7, lr}
 b7e:	065f      	tmov	r7, fp
 b80:	0656      	tmov	r6, sl
 b82:	064d      	tmov	r5, r9
 b84:	0644      	tmov	r4, r8
 b86:	64f0      	tpush	{r4, r5, r6, r7}
 b88:	f404      	tshftls	r4, r0, #16
 b8a:	f609      	tshftls	r1, r1, #24
 b8c:	fe09      	tshftrs	r1, r1, #24
 b8e:	0689      	tmov	r9, r1
 b90:	f226      	tshftls	r6, r4, #8
 b92:	fe36      	tshftrs	r6, r6, #24
 b94:	fe24      	tshftrs	r4, r4, #24
 b96:	ac04      	tcmp	r4, #4
 b98:	c032      	tjeq.n	c00 <GPIO_PullSet+0x84>
 b9a:	f0e4      	tshftls	r4, r4, #3
 b9c:	b402      	tadds	r4, #2
 b9e:	06a2      	tmov	sl, r4
 ba0:	f065      	tshftls	r5, r4, #1
 ba2:	a400      	tmovs	r4, #0
 ba4:	a701      	tmovs	r7, #1
 ba6:	a307      	tmovs	r3, #7
 ba8:	069b      	tmov	fp, r3
 baa:	8003      	tj.n	bb4 <GPIO_PullSet+0x38>
 bac:	b401      	tadds	r4, #1
 bae:	b502      	tadds	r5, #2
 bb0:	ac08      	tcmp	r4, #8
 bb2:	c01f      	tjeq.n	bf4 <GPIO_PullSet+0x78>
 bb4:	ec33      	tadds	r3, r6, #0
 bb6:	0123      	tasrs	r3, r4
 bb8:	021f      	tnand	r7, r3
 bba:	c0f7      	tjeq.n	bac <GPIO_PullSet+0x30>
 bbc:	ec23      	tadds	r3, r4, #0
 bbe:	0453      	tadd	r3, sl
 bc0:	e09b      	tasrs	r3, r3, #2
 bc2:	b30a      	tadds	r3, #10
 bc4:	f61b      	tshftls	r3, r3, #24
 bc6:	fe1b      	tshftrs	r3, r3, #24
 bc8:	0698      	tmov	r8, r3
 bca:	ec18      	tadds	r0, r3, #0
 bcc:	97ff 9e5e 	tjl	88c <ReadAnalogReg>
 bd0:	065b      	tmov	r3, fp
 bd2:	002b      	tands	r3, r5
 bd4:	a203      	tmovs	r2, #3
 bd6:	009a      	tshftls	r2, r3
 bd8:	ec01      	tadds	r1, r0, #0
 bda:	0391      	tbclrs	r1, r2
 bdc:	064a      	tmov	r2, r9
 bde:	009a      	tshftls	r2, r3
 be0:	0311      	tors	r1, r2
 be2:	f609      	tshftls	r1, r1, #24
 be4:	fe09      	tshftrs	r1, r1, #24
 be6:	0640      	tmov	r0, r8
 be8:	97ff 9e64 	tjl	8b4 <WriteAnalogReg>
 bec:	b401      	tadds	r4, #1
 bee:	b502      	tadds	r5, #2
 bf0:	ac08      	tcmp	r4, #8
 bf2:	c1df      	tjne.n	bb4 <GPIO_PullSet+0x38>
 bf4:	6c3c      	tpop	{r2, r3, r4, r5}
 bf6:	0690      	tmov	r8, r2
 bf8:	0699      	tmov	r9, r3
 bfa:	06a2      	tmov	sl, r4
 bfc:	06ab      	tmov	fp, r5
 bfe:	6df0      	tpop	{r4, r5, r6, r7, pc}
 c00:	f772      	tshftls	r2, r6, #29
 c02:	c40f      	tjmi.n	c24 <GPIO_PullSet+0xa8>
 c04:	f733      	tshftls	r3, r6, #28
 c06:	c5c8      	tjpl.n	b9a <GPIO_PullSet+0x1e>
 c08:	a008      	tmovs	r0, #8
 c0a:	97ff 9e3f 	tjl	88c <ReadAnalogReg>
 c0e:	a13f      	tmovs	r1, #63	; 0x3f
 c10:	0001      	tands	r1, r0
 c12:	064a      	tmov	r2, r9
 c14:	f193      	tshftls	r3, r2, #6
 c16:	0319      	tors	r1, r3
 c18:	f609      	tshftls	r1, r1, #24
 c1a:	fe09      	tshftrs	r1, r1, #24
 c1c:	a008      	tmovs	r0, #8
 c1e:	97ff 9e49 	tjl	8b4 <WriteAnalogReg>
 c22:	87ba      	tj.n	b9a <GPIO_PullSet+0x1e>
 c24:	a008      	tmovs	r0, #8
 c26:	97ff 9e31 	tjl	88c <ReadAnalogReg>
 c2a:	a330      	tmovs	r3, #48	; 0x30
 c2c:	ec01      	tadds	r1, r0, #0
 c2e:	0399      	tbclrs	r1, r3
 c30:	064a      	tmov	r2, r9
 c32:	f113      	tshftls	r3, r2, #4
 c34:	0319      	tors	r1, r3
 c36:	f609      	tshftls	r1, r1, #24
 c38:	fe09      	tshftrs	r1, r1, #24
 c3a:	a008      	tmovs	r0, #8
 c3c:	97ff 9e3a 	tjl	8b4 <WriteAnalogReg>
 c40:	87e0      	tj.n	c04 <GPIO_PullSet+0x88>
 c42:	46c0      	tnop			; (mov r8, r8)

00000c44 <GPIO_SetInterrupt>:
GPIO_SetInterrupt():
 c44:	6530      	tpush	{r4, r5, lr}
 c46:	f400      	tshftls	r0, r0, #16
 c48:	f609      	tshftls	r1, r1, #24
 c4a:	f203      	tshftls	r3, r0, #8
 c4c:	fe1b      	tshftrs	r3, r3, #24
 c4e:	fe00      	tshftrs	r0, r0, #24
 c50:	f0c0      	tshftls	r0, r0, #3
 c52:	0c0d      	tloadr	r4, [pc, #52]	; (c88 <GPIO_SetInterrupt+0x44>)
 c54:	e902      	tadds	r2, r0, r4
 c56:	4814      	tloadrb	r4, [r2, #0]
 c58:	031c      	tors	r4, r3
 c5a:	4014      	tstorerb	r4, [r2, #0]
 c5c:	0a0b      	tloadr	r2, [pc, #44]	; (c8c <GPIO_SetInterrupt+0x48>)
 c5e:	4815      	tloadrb	r5, [r2, #0]
 c60:	a408      	tmovs	r4, #8
 c62:	032c      	tors	r4, r5
 c64:	f624      	tshftls	r4, r4, #24
 c66:	fe24      	tshftrs	r4, r4, #24
 c68:	4014      	tstorerb	r4, [r2, #0]
 c6a:	a900      	tcmp	r1, #0
 c6c:	c105      	tjne.n	c7a <GPIO_SetInterrupt+0x36>
 c6e:	0c08      	tloadr	r4, [pc, #32]	; (c90 <GPIO_SetInterrupt+0x4c>)
 c70:	e900      	tadds	r0, r0, r4
 c72:	4802      	tloadrb	r2, [r0, #0]
 c74:	039a      	tbclrs	r2, r3
 c76:	4002      	tstorerb	r2, [r0, #0]
 c78:	6d30      	tpop	{r4, r5, pc}
 c7a:	ba31      	tsubs	r2, #49	; 0x31
 c7c:	e880      	tadds	r0, r0, r2
 c7e:	4802      	tloadrb	r2, [r0, #0]
 c80:	0313      	tors	r3, r2
 c82:	4003      	tstorerb	r3, [r0, #0]
 c84:	87f8      	tj.n	c78 <GPIO_SetInterrupt+0x34>
 c86:	46c0      	tnop			; (mov r8, r8)
 c88:	00800587 	taddeq	r0, r0, r7, lsl #11
 c8c:	008005b5 	undefined instruction 0x008005b5
 c90:	00800584 	taddeq	r0, r0, r4, lsl #11

00000c94 <IRQ_Enable>:
IRQ_Enable():
 c94:	0b02      	tloadr	r3, [pc, #8]	; (ca0 <IRQ_Enable+0xc>)
 c96:	4818      	tloadrb	r0, [r3, #0]
 c98:	a201      	tmovs	r2, #1
 c9a:	401a      	tstorerb	r2, [r3, #0]
 c9c:	0770      	tjex	lr
 c9e:	46c0      	tnop			; (mov r8, r8)
 ca0:	00800643 	taddeq	r0, r0, r3, asr #12

00000ca4 <IRQ_SrcGet>:
IRQ_SrcGet():
 ca4:	0b01      	tloadr	r3, [pc, #4]	; (cac <IRQ_SrcGet+0x8>)
 ca6:	5818      	tloadr	r0, [r3, #0]
 ca8:	0770      	tjex	lr
 caa:	46c0      	tnop			; (mov r8, r8)
 cac:	00800648 	taddeq	r0, r0, r8, asr #12

00000cb0 <IRQ_SrcClr>:
IRQ_SrcClr():
 cb0:	a301      	tmovs	r3, #1
 cb2:	025b      	tnegs	r3, r3
 cb4:	0a01      	tloadr	r2, [pc, #4]	; (cbc <IRQ_SrcClr+0xc>)
 cb6:	5013      	tstorer	r3, [r2, #0]
 cb8:	0770      	tjex	lr
 cba:	46c0      	tnop			; (mov r8, r8)
 cbc:	00800648 	taddeq	r0, r0, r8, asr #12

00000cc0 <IRQ_EnableType>:
IRQ_EnableType():
 cc0:	0b02      	tloadr	r3, [pc, #8]	; (ccc <IRQ_EnableType+0xc>)
 cc2:	581a      	tloadr	r2, [r3, #0]
 cc4:	0310      	tors	r0, r2
 cc6:	5018      	tstorer	r0, [r3, #0]
 cc8:	0770      	tjex	lr
 cca:	46c0      	tnop			; (mov r8, r8)
 ccc:	00800640 	taddeq	r0, r0, r0, asr #12

00000cd0 <PM_WakeupInit>:
PM_WakeupInit():
 cd0:	6500      	tpush	{lr}
 cd2:	0807      	tloadr	r0, [pc, #28]	; (cf0 <PM_WakeupInit+0x20>)
 cd4:	a10e      	tmovs	r1, #14
 cd6:	97ff 9e29 	tjl	92c <LoadTblCmdSet>
 cda:	0a06      	tloadr	r2, [pc, #24]	; (cf4 <PM_WakeupInit+0x24>)
 cdc:	a301      	tmovs	r3, #1
 cde:	2013      	tstorerh	r3, [r2, #0]
 ce0:	0b05      	tloadr	r3, [pc, #20]	; (cf8 <PM_WakeupInit+0x28>)
 ce2:	a101      	tmovs	r1, #1
 ce4:	4019      	tstorerb	r1, [r3, #0]
 ce6:	2813      	tloadrh	r3, [r2, #0]
 ce8:	ab01      	tcmp	r3, #1
 cea:	c0fc      	tjeq.n	ce6 <PM_WakeupInit+0x16>
 cec:	6d00      	tpop	{pc}
 cee:	46c0      	tnop			; (mov r8, r8)
 cf0:	00000fd4 	undefined instruction 0x00000fd4
 cf4:	00800750 	taddeq	r0, r0, r0, asr r7
 cf8:	0080074f 	taddeq	r0, r0, pc, asr #14

00000cfc <SPI_MasterPinSelect>:
SPI_MasterPinSelect():
 cfc:	6500      	tpush	{lr}
 cfe:	f600      	tshftls	r0, r0, #24
 d00:	fe00      	tshftrs	r0, r0, #24
 d02:	a801      	tcmp	r0, #1
 d04:	c026      	tjeq.n	d54 <SPI_MasterPinSelect+0x58>
 d06:	a800      	tcmp	r0, #0
 d08:	c11b      	tjne.n	d42 <SPI_MasterPinSelect+0x46>
 d0a:	a01c      	tmovs	r0, #28
 d0c:	a100      	tmovs	r1, #0
 d0e:	97ff 9ec7 	tjl	aa0 <GPIO_SetGPIOEnable>
 d12:	0b21      	tloadr	r3, [pc, #132]	; (d98 <SPI_MasterPinSelect+0x9c>)
 d14:	4819      	tloadrb	r1, [r3, #0]
 d16:	a21c      	tmovs	r2, #28
 d18:	030a      	tors	r2, r1
 d1a:	f612      	tshftls	r2, r2, #24
 d1c:	fe12      	tshftrs	r2, r2, #24
 d1e:	401a      	tstorerb	r2, [r3, #0]
 d20:	b301      	tadds	r3, #1
 d22:	481a      	tloadrb	r2, [r3, #0]
 d24:	a10f      	tmovs	r1, #15
 d26:	000a      	tands	r2, r1
 d28:	401a      	tstorerb	r2, [r3, #0]
 d2a:	a004      	tmovs	r0, #4
 d2c:	a101      	tmovs	r1, #1
 d2e:	97ff 9ee7 	tjl	b00 <GPIO_SetInputEnable>
 d32:	a008      	tmovs	r0, #8
 d34:	a101      	tmovs	r1, #1
 d36:	97ff 9ee3 	tjl	b00 <GPIO_SetInputEnable>
 d3a:	a010      	tmovs	r0, #16
 d3c:	a101      	tmovs	r1, #1
 d3e:	97ff 9edf 	tjl	b00 <GPIO_SetInputEnable>
 d42:	0a16      	tloadr	r2, [pc, #88]	; (d9c <SPI_MasterPinSelect+0xa0>)
 d44:	4811      	tloadrb	r1, [r2, #0]
 d46:	a380      	tmovs	r3, #128	; 0x80
 d48:	025b      	tnegs	r3, r3
 d4a:	030b      	tors	r3, r1
 d4c:	f61b      	tshftls	r3, r3, #24
 d4e:	fe1b      	tshftrs	r3, r3, #24
 d50:	4013      	tstorerb	r3, [r2, #0]
 d52:	6d00      	tpop	{pc}
 d54:	a0f0      	tmovs	r0, #240	; 0xf0
 d56:	f040      	tshftls	r0, r0, #1
 d58:	a100      	tmovs	r1, #0
 d5a:	97ff 9ea1 	tjl	aa0 <GPIO_SetGPIOEnable>
 d5e:	0a10      	tloadr	r2, [pc, #64]	; (da0 <SPI_MasterPinSelect+0xa4>)
 d60:	4811      	tloadrb	r1, [r2, #0]
 d62:	a320      	tmovs	r3, #32
 d64:	025b      	tnegs	r3, r3
 d66:	030b      	tors	r3, r1
 d68:	f61b      	tshftls	r3, r3, #24
 d6a:	fe1b      	tshftrs	r3, r3, #24
 d6c:	4013      	tstorerb	r3, [r2, #0]
 d6e:	0b0a      	tloadr	r3, [pc, #40]	; (d98 <SPI_MasterPinSelect+0x9c>)
 d70:	481a      	tloadrb	r2, [r3, #0]
 d72:	a13c      	tmovs	r1, #60	; 0x3c
 d74:	038a      	tbclrs	r2, r1
 d76:	401a      	tstorerb	r2, [r3, #0]
 d78:	a090      	tmovs	r0, #144	; 0x90
 d7a:	f040      	tshftls	r0, r0, #1
 d7c:	a101      	tmovs	r1, #1
 d7e:	97ff 9ebf 	tjl	b00 <GPIO_SetInputEnable>
 d82:	a0a0      	tmovs	r0, #160	; 0xa0
 d84:	f040      	tshftls	r0, r0, #1
 d86:	a101      	tmovs	r1, #1
 d88:	97ff 9eba 	tjl	b00 <GPIO_SetInputEnable>
 d8c:	a0c0      	tmovs	r0, #192	; 0xc0
 d8e:	f040      	tshftls	r0, r0, #1
 d90:	a101      	tmovs	r1, #1
 d92:	97ff 9eb5 	tjl	b00 <GPIO_SetInputEnable>
 d96:	87d4      	tj.n	d42 <SPI_MasterPinSelect+0x46>
 d98:	008005b0 	undefined instruction 0x008005b0
 d9c:	0080000a 	taddeq	r0, r0, sl
 da0:	008005b1 	undefined instruction 0x008005b1

00000da4 <SPI_MasterCSPinSelect>:
SPI_MasterCSPinSelect():
 da4:	6510      	tpush	{r4, lr}
 da6:	f404      	tshftls	r4, r0, #16
 da8:	fc24      	tshftrs	r4, r4, #16
 daa:	ec20      	tadds	r0, r4, #0
 dac:	a101      	tmovs	r1, #1
 dae:	97ff 9e77 	tjl	aa0 <GPIO_SetGPIOEnable>
 db2:	ec20      	tadds	r0, r4, #0
 db4:	a100      	tmovs	r1, #0
 db6:	97ff 9ea3 	tjl	b00 <GPIO_SetInputEnable>
 dba:	ec20      	tadds	r0, r4, #0
 dbc:	97ff 9eb8 	tjl	b30 <GPIO_SetBit>
 dc0:	ec20      	tadds	r0, r4, #0
 dc2:	a101      	tmovs	r1, #1
 dc4:	97ff 9e84 	tjl	ad0 <GPIO_SetOutputEnable>
 dc8:	6d10      	tpop	{r4, pc}
 dca:	46c0      	tnop			; (mov r8, r8)

00000dcc <SPI_MasterInit>:
SPI_MasterInit():
 dcc:	6510      	tpush	{r4, lr}
 dce:	f600      	tshftls	r0, r0, #24
 dd0:	fe00      	tshftrs	r0, r0, #24
 dd2:	f609      	tshftls	r1, r1, #24
 dd4:	fe09      	tshftrs	r1, r1, #24
 dd6:	0b0c      	tloadr	r3, [pc, #48]	; (e08 <SPI_MasterInit+0x3c>)
 dd8:	481a      	tloadrb	r2, [r3, #0]
 dda:	a47f      	tmovs	r4, #127	; 0x7f
 ddc:	03a2      	tbclrs	r2, r4
 dde:	401a      	tstorerb	r2, [r3, #0]
 de0:	481a      	tloadrb	r2, [r3, #0]
 de2:	0310      	tors	r0, r2
 de4:	4018      	tstorerb	r0, [r3, #0]
 de6:	bb01      	tsubs	r3, #1
 de8:	4818      	tloadrb	r0, [r3, #0]
 dea:	a202      	tmovs	r2, #2
 dec:	0302      	tors	r2, r0
 dee:	f612      	tshftls	r2, r2, #24
 df0:	fe12      	tshftrs	r2, r2, #24
 df2:	401a      	tstorerb	r2, [r3, #0]
 df4:	b302      	tadds	r3, #2
 df6:	481a      	tloadrb	r2, [r3, #0]
 df8:	a003      	tmovs	r0, #3
 dfa:	0382      	tbclrs	r2, r0
 dfc:	401a      	tstorerb	r2, [r3, #0]
 dfe:	481a      	tloadrb	r2, [r3, #0]
 e00:	0311      	tors	r1, r2
 e02:	4019      	tstorerb	r1, [r3, #0]
 e04:	6d10      	tpop	{r4, pc}
 e06:	46c0      	tnop			; (mov r8, r8)
 e08:	0080000a 	taddeq	r0, r0, sl

00000e0c <SPI_Write>:
SPI_Write():
 e0c:	65f0      	tpush	{r4, r5, r6, r7, lr}
 e0e:	0657      	tmov	r7, sl
 e10:	0646      	tmov	r6, r8
 e12:	64c0      	tpush	{r6, r7}
 e14:	0682      	tmov	sl, r0
 e16:	ec0d      	tadds	r5, r1, #0
 e18:	ec17      	tadds	r7, r2, #0
 e1a:	ec1c      	tadds	r4, r3, #0
 e1c:	3b07      	tloadr	r3, [sp, #28]
 e1e:	f41b      	tshftls	r3, r3, #16
 e20:	fc1b      	tshftrs	r3, r3, #16
 e22:	0698      	tmov	r8, r3
 e24:	ec18      	tadds	r0, r3, #0
 e26:	97ff 9e91 	tjl	b4c <GPIO_ResetBit>
 e2a:	0917      	tloadr	r1, [pc, #92]	; (e88 <SPI_Write+0x7c>)
 e2c:	480b      	tloadrb	r3, [r1, #0]
 e2e:	a204      	tmovs	r2, #4
 e30:	0393      	tbclrs	r3, r2
 e32:	400b      	tstorerb	r3, [r1, #0]
 e34:	480b      	tloadrb	r3, [r1, #0]
 e36:	a208      	tmovs	r2, #8
 e38:	0393      	tbclrs	r3, r2
 e3a:	400b      	tstorerb	r3, [r1, #0]
 e3c:	ad00      	tcmp	r5, #0
 e3e:	cd0d      	tjle.n	e5c <SPI_Write+0x50>
 e40:	a000      	tmovs	r0, #0
 e42:	0b12      	tloadr	r3, [pc, #72]	; (e8c <SPI_Write+0x80>)
 e44:	069c      	tmov	ip, r3
 e46:	a240      	tmovs	r2, #64	; 0x40
 e48:	0656      	tmov	r6, sl
 e4a:	1c33      	tloadrb	r3, [r6, r0]
 e4c:	0666      	tmov	r6, ip
 e4e:	4033      	tstorerb	r3, [r6, #0]
 e50:	480b      	tloadrb	r3, [r1, #0]
 e52:	021a      	tnand	r2, r3
 e54:	c1fc      	tjne.n	e50 <SPI_Write+0x44>
 e56:	b001      	tadds	r0, #1
 e58:	02a8      	tcmp	r0, r5
 e5a:	c1f5      	tjne.n	e48 <SPI_Write+0x3c>
 e5c:	ac00      	tcmp	r4, #0
 e5e:	cd0b      	tjle.n	e78 <SPI_Write+0x6c>
 e60:	a000      	tmovs	r0, #0
 e62:	0d0a      	tloadr	r5, [pc, #40]	; (e8c <SPI_Write+0x80>)
 e64:	0908      	tloadr	r1, [pc, #32]	; (e88 <SPI_Write+0x7c>)
 e66:	a240      	tmovs	r2, #64	; 0x40
 e68:	1c3b      	tloadrb	r3, [r7, r0]
 e6a:	402b      	tstorerb	r3, [r5, #0]
 e6c:	480b      	tloadrb	r3, [r1, #0]
 e6e:	021a      	tnand	r2, r3
 e70:	c1fc      	tjne.n	e6c <SPI_Write+0x60>
 e72:	b001      	tadds	r0, #1
 e74:	02a0      	tcmp	r0, r4
 e76:	c1f7      	tjne.n	e68 <SPI_Write+0x5c>
 e78:	0640      	tmov	r0, r8
 e7a:	97ff 9e59 	tjl	b30 <GPIO_SetBit>
 e7e:	6c0c      	tpop	{r2, r3}
 e80:	0690      	tmov	r8, r2
 e82:	069a      	tmov	sl, r3
 e84:	6df0      	tpop	{r4, r5, r6, r7, pc}
 e86:	46c0      	tnop			; (mov r8, r8)
 e88:	00800009 	taddeq	r0, r0, r9
 e8c:	00800008 	taddeq	r0, r0, r8

00000e90 <SPI_Read>:
SPI_Read():
 e90:	65f0      	tpush	{r4, r5, r6, r7, lr}
 e92:	0657      	tmov	r7, sl
 e94:	0646      	tmov	r6, r8
 e96:	64c0      	tpush	{r6, r7}
 e98:	0682      	tmov	sl, r0
 e9a:	ec0d      	tadds	r5, r1, #0
 e9c:	ec17      	tadds	r7, r2, #0
 e9e:	ec1c      	tadds	r4, r3, #0
 ea0:	3b07      	tloadr	r3, [sp, #28]
 ea2:	f41b      	tshftls	r3, r3, #16
 ea4:	fc1b      	tshftrs	r3, r3, #16
 ea6:	0698      	tmov	r8, r3
 ea8:	ec18      	tadds	r0, r3, #0
 eaa:	97ff 9e4f 	tjl	b4c <GPIO_ResetBit>
 eae:	091b      	tloadr	r1, [pc, #108]	; (f1c <SPI_Read+0x8c>)
 eb0:	480b      	tloadrb	r3, [r1, #0]
 eb2:	a204      	tmovs	r2, #4
 eb4:	0393      	tbclrs	r3, r2
 eb6:	400b      	tstorerb	r3, [r1, #0]
 eb8:	ad00      	tcmp	r5, #0
 eba:	cd0d      	tjle.n	ed8 <SPI_Read+0x48>
 ebc:	a000      	tmovs	r0, #0
 ebe:	0b18      	tloadr	r3, [pc, #96]	; (f20 <SPI_Read+0x90>)
 ec0:	069c      	tmov	ip, r3
 ec2:	a240      	tmovs	r2, #64	; 0x40
 ec4:	0656      	tmov	r6, sl
 ec6:	1c33      	tloadrb	r3, [r6, r0]
 ec8:	0666      	tmov	r6, ip
 eca:	4033      	tstorerb	r3, [r6, #0]
 ecc:	480b      	tloadrb	r3, [r1, #0]
 ece:	021a      	tnand	r2, r3
 ed0:	c1fc      	tjne.n	ecc <SPI_Read+0x3c>
 ed2:	b001      	tadds	r0, #1
 ed4:	02a8      	tcmp	r0, r5
 ed6:	c1f5      	tjne.n	ec4 <SPI_Read+0x34>
 ed8:	0910      	tloadr	r1, [pc, #64]	; (f1c <SPI_Read+0x8c>)
 eda:	480a      	tloadrb	r2, [r1, #0]
 edc:	a308      	tmovs	r3, #8
 ede:	0313      	tors	r3, r2
 ee0:	f61b      	tshftls	r3, r3, #24
 ee2:	fe1b      	tshftrs	r3, r3, #24
 ee4:	400b      	tstorerb	r3, [r1, #0]
 ee6:	0b0e      	tloadr	r3, [pc, #56]	; (f20 <SPI_Read+0x90>)
 ee8:	481b      	tloadrb	r3, [r3, #0]
 eea:	a240      	tmovs	r2, #64	; 0x40
 eec:	480b      	tloadrb	r3, [r1, #0]
 eee:	021a      	tnand	r2, r3
 ef0:	c1fc      	tjne.n	eec <SPI_Read+0x5c>
 ef2:	ac00      	tcmp	r4, #0
 ef4:	cd0b      	tjle.n	f0e <SPI_Read+0x7e>
 ef6:	a000      	tmovs	r0, #0
 ef8:	0d09      	tloadr	r5, [pc, #36]	; (f20 <SPI_Read+0x90>)
 efa:	0908      	tloadr	r1, [pc, #32]	; (f1c <SPI_Read+0x8c>)
 efc:	a240      	tmovs	r2, #64	; 0x40
 efe:	482b      	tloadrb	r3, [r5, #0]
 f00:	143b      	tstorerb	r3, [r7, r0]
 f02:	480b      	tloadrb	r3, [r1, #0]
 f04:	021a      	tnand	r2, r3
 f06:	c1fc      	tjne.n	f02 <SPI_Read+0x72>
 f08:	b001      	tadds	r0, #1
 f0a:	02a0      	tcmp	r0, r4
 f0c:	c1f7      	tjne.n	efe <SPI_Read+0x6e>
 f0e:	0640      	tmov	r0, r8
 f10:	97ff 9e0e 	tjl	b30 <GPIO_SetBit>
 f14:	6c0c      	tpop	{r2, r3}
 f16:	0690      	tmov	r8, r2
 f18:	069a      	tmov	sl, r3
 f1a:	6df0      	tpop	{r4, r5, r6, r7, pc}
 f1c:	00800009 	taddeq	r0, r0, r9
 f20:	00800008 	taddeq	r0, r0, r8

00000f24 <bcopy>:
bcopy():
 f24:	6510      	tpush	{r4, lr}
 f26:	0281      	tcmp	r1, r0
 f28:	c208      	tjcs.n	f3c <bcopy+0x18>
 f2a:	aa00      	tcmp	r2, #0
 f2c:	c005      	tjeq.n	f3a <bcopy+0x16>
 f2e:	a300      	tmovs	r3, #0
 f30:	1cc4      	tloadrb	r4, [r0, r3]
 f32:	14cc      	tstorerb	r4, [r1, r3]
 f34:	b301      	tadds	r3, #1
 f36:	0293      	tcmp	r3, r2
 f38:	c1fa      	tjne.n	f30 <bcopy+0xc>
 f3a:	6d10      	tpop	{r4, pc}
 f3c:	aa00      	tcmp	r2, #0
 f3e:	c0fc      	tjeq.n	f3a <bcopy+0x16>
 f40:	ee53      	tsubs	r3, r2, #1
 f42:	e8c0      	tadds	r0, r0, r3
 f44:	e8c9      	tadds	r1, r1, r3
 f46:	0254      	tnegs	r4, r2
 f48:	a300      	tmovs	r3, #0
 f4a:	1cc2      	tloadrb	r2, [r0, r3]
 f4c:	14ca      	tstorerb	r2, [r1, r3]
 f4e:	bb01      	tsubs	r3, #1
 f50:	02a3      	tcmp	r3, r4
 f52:	c1fa      	tjne.n	f4a <bcopy+0x26>
 f54:	87f1      	tj.n	f3a <bcopy+0x16>
 f56:	46c0      	tnop			; (mov r8, r8)

00000f58 <memcpy>:
memcpy():
 f58:	6510      	tpush	{r4, lr}
 f5a:	ec04      	tadds	r4, r0, #0
 f5c:	aa00      	tcmp	r2, #0
 f5e:	c005      	tjeq.n	f6c <memcpy+0x14>
 f60:	ec08      	tadds	r0, r1, #0
 f62:	ec21      	tadds	r1, r4, #0
 f64:	97ff 9fde 	tjl	f24 <bcopy>
 f68:	ec20      	tadds	r0, r4, #0
 f6a:	6d10      	tpop	{r4, pc}
 f6c:	a400      	tmovs	r4, #0
 f6e:	87fb      	tj.n	f68 <memcpy+0x10>

Disassembly of section .rodata:

00000f70 <tbl_cpu_wakeup_init-0x64>:
     f70:	61746164 	tcmpnvs	r4, r4, ror #2
     f74:	0000003a 	tandeq	r0, r0, sl, lsr r0
     f78:	61507854 	tcmpvs	r0, r4, asr r8
     f7c:	74656b63 	tstorerbtvc	r6, [r5], #-2915	; 0xb63
     f80:	656e6f44 	tstorerbvs	r6, [lr, #-3908]!	; 0xf44
     f84:	00000000 	tandeq	r0, r0, r0
     f88:	50746553 	trsubspl	r6, r4, r3, asr r5
     f8c:	7265776f 	trsubvc	r7, r5, #29097984	; 0x1bc0000
     f90:	656e6f44 	tstorerbvs	r6, [lr, #-3908]!	; 0xf44
     f94:	00000000 	tandeq	r0, r0, r0
     f98:	43746553 	tcmpnmi	r4, #348127232	; 0x14c00000
     f9c:	6e6e6168 	undefined instruction 0x6e6e6168
     fa0:	6f446c65 	tservvs	0x00446c65
     fa4:	0000656e 	tandeq	r6, r0, lr, ror #10
     fa8:	50746553 	trsubspl	r6, r4, r3, asr r5
     fac:	44496e61 	tstorerbmi	r6, [r9], #-3681	; 0xe61
     fb0:	656e6f44 	tstorerbvs	r6, [lr, #-3908]!	; 0xf44
     fb4:	00000000 	tandeq	r0, r0, r0
     fb8:	4d746553 	undefined instruction 0x4d746553
     fbc:	6f446361 	tservvs	0x00446361
     fc0:	0000656e 	tandeq	r6, r0, lr, ror #10
     fc4:	64616552 	tstorerbtvs	r6, [r1], #-1362	; 0x552
     fc8:	69737352 	tloadmdbvs	r3!, {r1, r4, r6, r8, r9, ip, sp, lr}^
     fcc:	656e6f44 	tstorerbvs	r6, [lr, #-3908]!	; 0xf44
     fd0:	00000000 	tandeq	r0, r0, r0

00000fd4 <tbl_cpu_wakeup_init>:
     fd4:	c3000060 	tnandgt	r0, #96	; 0x60
     fd8:	c3000061 	tnandgt	r0, #97	; 0x61
     fdc:	c3000062 	tnandgt	r0, #98	; 0x62
     fe0:	c3ff0063 	tmovnsgt	r0, #99	; 0x63
     fe4:	c3ff0064 	tmovnsgt	r0, #100	; 0x64
     fe8:	c3040073 	tnandgt	r4, #115	; 0x73
     fec:	c3010620 	tnandgt	r1, #33554432	; 0x2000000
     ff0:	c301074f 	tnandgt	r1, #20709376	; 0x13c0000
     ff4:	c8c00081 	tstormmiagt	r0, {r0, r7}^
     ff8:	c8c10020 	tstormmiagt	r1, {r5}^
     ffc:	c80f002d 	tstormmdagt	pc, {r0, r2, r3, r5}
    1000:	c8620005 	tstormmdagt	r2!, {r0, r2}^
    1004:	c80f0088 	tstormmdagt	pc, {r3, r7}
    1008:	c84e0001 	tstormmdagt	lr, {r0}^

Disassembly of section .bss:

00808b00 <_start_bss_>:
	...

00808c80 <Gateway_SetChannelDoneHandler>:
_start_bss_():
  808c80:	00000000 	tandeq	r0, r0, r0

00808c84 <frame_buffer>:
	...

00808d04 <Gateway_SetPowerDoneHandler>:
  808d04:	00000000 	tandeq	r0, r0, r0

00808d08 <Gateway_ReadRssiDoneHandler>:
  808d08:	00000000 	tandeq	r0, r0, r0

00808d0c <Gateway_RxPacketHandler>:
  808d0c:	00000000 	tandeq	r0, r0, r0

00808d10 <Gateway_TxPacketDoneHandler>:
  808d10:	00000000 	tandeq	r0, r0, r0

00808d14 <Gateway_SetPanIDDoneHandler>:
  808d14:	00000000 	tandeq	r0, r0, r0

00808d18 <Gateway_SetMacDoneHandler>:
  808d18:	00000000 	tandeq	r0, r0, r0

00808d1c <tmpBuf1>:
	...

00808d24 <rx_trig_flag>:
	...

00808d25 <tx_trig_flag>:
  808d25:	00000000 	tandeq	r0, r0, r0

00808d28 <payload_data>:
  808d28:	00000000 	tandeq	r0, r0, r0

00808d2c <firmwareVersion>:
  808d2c:	00000000 	tandeq	r0, r0, r0

00808d30 <TickPerUs>:
  808d30:	00000000 	tandeq	r0, r0, r0

Disassembly of section .comment:

00000000 <.comment>:
   0:	3a434347 	tjcc	10d0d24 <_end_bss_+0x8c7ff0>
   4:	4e472820 	undefined instruction 0x4e472820
   8:	34202955 	tstorertcc	r2, [r0], #-2389	; 0x955
   c:	312e352e 	teqcc	lr, lr, lsr #10
  10:	3363742d 	tcmpncc	r3, #754974720	; 0x2d000000
  14:	2e312d32 	undefined instruction 0x2e312d32
  18:	Address 0x00000018 is out of bounds.


Disassembly of section .TC32.attributes:

00000000 <.TC32.attributes>:
   0:	00000f41 	tandeq	r0, r0, r1, asr #30
   4:	61656100 	tcmpnvs	r5, r0, lsl #2
   8:	01006962 	tnandeq	r0, r2, ror #18
   c:	00000005 	tandeq	r0, r0, r5
